[1.736s] Invoking command in '/home/naomichen/ros2_ws/src/turtlebot3_apriltag': PYTHONPATH=/home/naomichen/ros2_ws/build/turtlebot3_apriltag/prefix_override:/usr/lib/python3/dist-packages/colcon_core/task/python/colcon_distutils_commands:/home/naomichen/ros2_ws/install/turtlebot3_apriltag/lib/python3.10/site-packages:${PYTHONPATH} /usr/bin/python3 -W ignore:setup.py install is deprecated -W ignore:easy_install command is deprecated setup.py egg_info --egg-base ../../build/turtlebot3_apriltag build --build-base /home/naomichen/ros2_ws/build/turtlebot3_apriltag/build install --record /home/naomichen/ros2_ws/build/turtlebot3_apriltag/install.log --single-version-externally-managed install_data
[2.211s] running egg_info
[2.213s] writing ../../build/turtlebot3_apriltag/turtlebot3_apriltag.egg-info/PKG-INFO
[2.213s] writing dependency_links to ../../build/turtlebot3_apriltag/turtlebot3_apriltag.egg-info/dependency_links.txt
[2.214s] writing entry points to ../../build/turtlebot3_apriltag/turtlebot3_apriltag.egg-info/entry_points.txt
[2.214s] writing requirements to ../../build/turtlebot3_apriltag/turtlebot3_apriltag.egg-info/requires.txt
[2.214s] writing top-level names to ../../build/turtlebot3_apriltag/turtlebot3_apriltag.egg-info/top_level.txt
[2.218s] reading manifest file '../../build/turtlebot3_apriltag/turtlebot3_apriltag.egg-info/SOURCES.txt'
[2.222s] writing manifest file '../../build/turtlebot3_apriltag/turtlebot3_apriltag.egg-info/SOURCES.txt'
[2.223s] running build
[2.223s] running build_py
[2.224s] copying turtlebot3_apriltag/tb_detect_apriltags.py -> /home/naomichen/ros2_ws/build/turtlebot3_apriltag/build/lib/turtlebot3_apriltag
[2.225s] running install
[2.225s] running install_lib
[2.227s] copying /home/naomichen/ros2_ws/build/turtlebot3_apriltag/build/lib/turtlebot3_apriltag/tb_detect_apriltags.py -> /home/naomichen/ros2_ws/install/turtlebot3_apriltag/lib/python3.10/site-packages/turtlebot3_apriltag
[2.229s] byte-compiling /home/naomichen/ros2_ws/install/turtlebot3_apriltag/lib/python3.10/site-packages/turtlebot3_apriltag/tb_detect_apriltags.py to tb_detect_apriltags.cpython-310.pyc
[2.231s] running install_data
[2.231s] running install_egg_info
[2.234s] removing '/home/naomichen/ros2_ws/install/turtlebot3_apriltag/lib/python3.10/site-packages/turtlebot3_apriltag-0.0.0-py3.10.egg-info' (and everything under it)
[2.234s] Copying ../../build/turtlebot3_apriltag/turtlebot3_apriltag.egg-info to /home/naomichen/ros2_ws/install/turtlebot3_apriltag/lib/python3.10/site-packages/turtlebot3_apriltag-0.0.0-py3.10.egg-info
[2.236s] running install_scripts
[2.271s] Installing tb_detect_apriltags_node script to /home/naomichen/ros2_ws/install/turtlebot3_apriltag/lib/turtlebot3_apriltag
[2.272s] writing list of installed files to '/home/naomichen/ros2_ws/build/turtlebot3_apriltag/install.log'
[2.311s] Invoked command in '/home/naomichen/ros2_ws/src/turtlebot3_apriltag' returned '0': PYTHONPATH=/home/naomichen/ros2_ws/build/turtlebot3_apriltag/prefix_override:/usr/lib/python3/dist-packages/colcon_core/task/python/colcon_distutils_commands:/home/naomichen/ros2_ws/install/turtlebot3_apriltag/lib/python3.10/site-packages:${PYTHONPATH} /usr/bin/python3 -W ignore:setup.py install is deprecated -W ignore:easy_install command is deprecated setup.py egg_info --egg-base ../../build/turtlebot3_apriltag build --build-base /home/naomichen/ros2_ws/build/turtlebot3_apriltag/build install --record /home/naomichen/ros2_ws/build/turtlebot3_apriltag/install.log --single-version-externally-managed install_data
