running egg_info
writing ../../build/apriltag_detector/apriltag_detector.egg-info/PKG-INFO
writing dependency_links to ../../build/apriltag_detector/apriltag_detector.egg-info/dependency_links.txt
writing entry points to ../../build/apriltag_detector/apriltag_detector.egg-info/entry_points.txt
writing requirements to ../../build/apriltag_detector/apriltag_detector.egg-info/requires.txt
writing top-level names to ../../build/apriltag_detector/apriltag_detector.egg-info/top_level.txt
reading manifest file '../../build/apriltag_detector/apriltag_detector.egg-info/SOURCES.txt'
writing manifest file '../../build/apriltag_detector/apriltag_detector.egg-info/SOURCES.txt'
running build
running build_py
copying apriltag_detector/detect_apriltags.py -> /home/naomichen/ros2_ws/build/apriltag_detector/build/lib/apriltag_detector
running install
running install_lib
copying /home/naomichen/ros2_ws/build/apriltag_detector/build/lib/apriltag_detector/detect_apriltags.py -> /home/naomichen/ros2_ws/install/apriltag_detector/lib/python3.10/site-packages/apriltag_detector
byte-compiling /home/naomichen/ros2_ws/install/apriltag_detector/lib/python3.10/site-packages/apriltag_detector/detect_apriltags.py to detect_apriltags.cpython-310.pyc
running install_data
running install_egg_info
removing '/home/naomichen/ros2_ws/install/apriltag_detector/lib/python3.10/site-packages/apriltag_detector-0.0.0-py3.10.egg-info' (and everything under it)
Copying ../../build/apriltag_detector/apriltag_detector.egg-info to /home/naomichen/ros2_ws/install/apriltag_detector/lib/python3.10/site-packages/apriltag_detector-0.0.0-py3.10.egg-info
running install_scripts
Installing apriltag_detector_node script to /home/naomichen/ros2_ws/install/apriltag_detector/lib/apriltag_detector
writing list of installed files to '/home/naomichen/ros2_ws/build/apriltag_detector/install.log'
