[1.189s] Invoking command in '/home/naomichen/ros2_ws/src/apriltag_detector': PYTHONPATH=/home/naomichen/ros2_ws/build/apriltag_detector/prefix_override:/usr/lib/python3/dist-packages/colcon_core/task/python/colcon_distutils_commands:/home/naomichen/ros2_ws/install/apriltag_detector/lib/python3.10/site-packages:${PYTHONPATH} /usr/bin/python3 -W ignore:setup.py install is deprecated -W ignore:easy_install command is deprecated setup.py egg_info --egg-base ../../build/apriltag_detector build --build-base /home/naomichen/ros2_ws/build/apriltag_detector/build install --record /home/naomichen/ros2_ws/build/apriltag_detector/install.log --single-version-externally-managed install_data
[1.658s] running egg_info
[1.660s] writing ../../build/apriltag_detector/apriltag_detector.egg-info/PKG-INFO
[1.660s] writing dependency_links to ../../build/apriltag_detector/apriltag_detector.egg-info/dependency_links.txt
[1.661s] writing entry points to ../../build/apriltag_detector/apriltag_detector.egg-info/entry_points.txt
[1.661s] writing requirements to ../../build/apriltag_detector/apriltag_detector.egg-info/requires.txt
[1.661s] writing top-level names to ../../build/apriltag_detector/apriltag_detector.egg-info/top_level.txt
[1.666s] reading manifest file '../../build/apriltag_detector/apriltag_detector.egg-info/SOURCES.txt'
[1.667s] writing manifest file '../../build/apriltag_detector/apriltag_detector.egg-info/SOURCES.txt'
[1.668s] running build
[1.668s] running build_py
[1.668s] copying apriltag_detector/detect_apriltags.py -> /home/naomichen/ros2_ws/build/apriltag_detector/build/lib/apriltag_detector
[1.669s] running install
[1.669s] running install_lib
[1.671s] copying /home/naomichen/ros2_ws/build/apriltag_detector/build/lib/apriltag_detector/detect_apriltags.py -> /home/naomichen/ros2_ws/install/apriltag_detector/lib/python3.10/site-packages/apriltag_detector
[1.672s] byte-compiling /home/naomichen/ros2_ws/install/apriltag_detector/lib/python3.10/site-packages/apriltag_detector/detect_apriltags.py to detect_apriltags.cpython-310.pyc
[1.673s] running install_data
[1.673s] running install_egg_info
[1.676s] removing '/home/naomichen/ros2_ws/install/apriltag_detector/lib/python3.10/site-packages/apriltag_detector-0.0.0-py3.10.egg-info' (and everything under it)
[1.676s] Copying ../../build/apriltag_detector/apriltag_detector.egg-info to /home/naomichen/ros2_ws/install/apriltag_detector/lib/python3.10/site-packages/apriltag_detector-0.0.0-py3.10.egg-info
[1.678s] running install_scripts
[1.711s] Installing apriltag_detector_node script to /home/naomichen/ros2_ws/install/apriltag_detector/lib/apriltag_detector
[1.711s] writing list of installed files to '/home/naomichen/ros2_ws/build/apriltag_detector/install.log'
[1.744s] Invoked command in '/home/naomichen/ros2_ws/src/apriltag_detector' returned '0': PYTHONPATH=/home/naomichen/ros2_ws/build/apriltag_detector/prefix_override:/usr/lib/python3/dist-packages/colcon_core/task/python/colcon_distutils_commands:/home/naomichen/ros2_ws/install/apriltag_detector/lib/python3.10/site-packages:${PYTHONPATH} /usr/bin/python3 -W ignore:setup.py install is deprecated -W ignore:easy_install command is deprecated setup.py egg_info --egg-base ../../build/apriltag_detector build --build-base /home/naomichen/ros2_ws/build/apriltag_detector/build install --record /home/naomichen/ros2_ws/build/apriltag_detector/install.log --single-version-externally-managed install_data
