[1.141s] Invoking command in '/home/naomichen/ros2_ws/src/turtlebot3_avoidance': PYTHONPATH=/home/naomichen/ros2_ws/build/turtlebot3_avoidance/prefix_override:/usr/lib/python3/dist-packages/colcon_core/task/python/colcon_distutils_commands:/home/naomichen/ros2_ws/install/turtlebot3_avoidance/lib/python3.10/site-packages:${PYTHONPATH} /usr/bin/python3 -W ignore:setup.py install is deprecated -W ignore:easy_install command is deprecated setup.py egg_info --egg-base ../../build/turtlebot3_avoidance build --build-base /home/naomichen/ros2_ws/build/turtlebot3_avoidance/build install --record /home/naomichen/ros2_ws/build/turtlebot3_avoidance/install.log --single-version-externally-managed install_data
[1.611s] running egg_info
[1.611s] writing ../../build/turtlebot3_avoidance/turtlebot3_avoidance.egg-info/PKG-INFO
[1.612s] writing dependency_links to ../../build/turtlebot3_avoidance/turtlebot3_avoidance.egg-info/dependency_links.txt
[1.613s] writing entry points to ../../build/turtlebot3_avoidance/turtlebot3_avoidance.egg-info/entry_points.txt
[1.613s] writing requirements to ../../build/turtlebot3_avoidance/turtlebot3_avoidance.egg-info/requires.txt
[1.613s] writing top-level names to ../../build/turtlebot3_avoidance/turtlebot3_avoidance.egg-info/top_level.txt
[1.616s] reading manifest file '../../build/turtlebot3_avoidance/turtlebot3_avoidance.egg-info/SOURCES.txt'
[1.617s] writing manifest file '../../build/turtlebot3_avoidance/turtlebot3_avoidance.egg-info/SOURCES.txt'
[1.618s] running build
[1.618s] running build_py
[1.618s] copying turtlebot3_avoidance/obstacle_avoidance.py -> /home/naomichen/ros2_ws/build/turtlebot3_avoidance/build/lib/turtlebot3_avoidance
[1.618s] running install
[1.618s] running install_lib
[1.620s] copying /home/naomichen/ros2_ws/build/turtlebot3_avoidance/build/lib/turtlebot3_avoidance/obstacle_avoidance.py -> /home/naomichen/ros2_ws/install/turtlebot3_avoidance/lib/python3.10/site-packages/turtlebot3_avoidance
[1.621s] byte-compiling /home/naomichen/ros2_ws/install/turtlebot3_avoidance/lib/python3.10/site-packages/turtlebot3_avoidance/obstacle_avoidance.py to obstacle_avoidance.cpython-310.pyc
[1.621s] running install_data
[1.621s] Sorry: IndentationError: expected an indented block after function definition on line 7 (obstacle_avoidance.py, line 8)
[1.621s] running install_egg_info
[1.624s] removing '/home/naomichen/ros2_ws/install/turtlebot3_avoidance/lib/python3.10/site-packages/turtlebot3_avoidance-0.0.0-py3.10.egg-info' (and everything under it)
[1.624s] Copying ../../build/turtlebot3_avoidance/turtlebot3_avoidance.egg-info to /home/naomichen/ros2_ws/install/turtlebot3_avoidance/lib/python3.10/site-packages/turtlebot3_avoidance-0.0.0-py3.10.egg-info
[1.625s] running install_scripts
[1.658s] Installing obstacle_avoidance script to /home/naomichen/ros2_ws/install/turtlebot3_avoidance/lib/turtlebot3_avoidance
[1.660s] writing list of installed files to '/home/naomichen/ros2_ws/build/turtlebot3_avoidance/install.log'
[1.695s] Invoked command in '/home/naomichen/ros2_ws/src/turtlebot3_avoidance' returned '0': PYTHONPATH=/home/naomichen/ros2_ws/build/turtlebot3_avoidance/prefix_override:/usr/lib/python3/dist-packages/colcon_core/task/python/colcon_distutils_commands:/home/naomichen/ros2_ws/install/turtlebot3_avoidance/lib/python3.10/site-packages:${PYTHONPATH} /usr/bin/python3 -W ignore:setup.py install is deprecated -W ignore:easy_install command is deprecated setup.py egg_info --egg-base ../../build/turtlebot3_avoidance build --build-base /home/naomichen/ros2_ws/build/turtlebot3_avoidance/build install --record /home/naomichen/ros2_ws/build/turtlebot3_avoidance/install.log --single-version-externally-managed install_data
