[1.289s] Invoking command in '/home/naomichen/ros2_ws/src/apriltag_detector': PYTHONPATH=/home/naomichen/ros2_ws/build/apriltag_detector/prefix_override:/usr/lib/python3/dist-packages/colcon_core/task/python/colcon_distutils_commands:/home/naomichen/ros2_ws/install/apriltag_detector/lib/python3.10/site-packages:${PYTHONPATH} /usr/bin/python3 -W ignore:setup.py install is deprecated -W ignore:easy_install command is deprecated setup.py egg_info --egg-base ../../build/apriltag_detector build --build-base /home/naomichen/ros2_ws/build/apriltag_detector/build install --record /home/naomichen/ros2_ws/build/apriltag_detector/install.log --single-version-externally-managed install_data
[1.746s] running egg_info
[1.747s] writing ../../build/apriltag_detector/apriltag_detector.egg-info/PKG-INFO
[1.750s] writing dependency_links to ../../build/apriltag_detector/apriltag_detector.egg-info/dependency_links.txt
[1.750s] writing entry points to ../../build/apriltag_detector/apriltag_detector.egg-info/entry_points.txt
[1.750s] writing requirements to ../../build/apriltag_detector/apriltag_detector.egg-info/requires.txt
[1.750s] writing top-level names to ../../build/apriltag_detector/apriltag_detector.egg-info/top_level.txt
[1.752s] reading manifest file '../../build/apriltag_detector/apriltag_detector.egg-info/SOURCES.txt'
[1.755s] writing manifest file '../../build/apriltag_detector/apriltag_detector.egg-info/SOURCES.txt'
[1.756s] running build
[1.756s] running build_py
[1.756s] running install
[1.756s] running install_lib
[1.758s] running install_data
[1.758s] running install_egg_info
[1.761s] removing '/home/naomichen/ros2_ws/install/apriltag_detector/lib/python3.10/site-packages/apriltag_detector-0.0.0-py3.10.egg-info' (and everything under it)
[1.762s] Copying ../../build/apriltag_detector/apriltag_detector.egg-info to /home/naomichen/ros2_ws/install/apriltag_detector/lib/python3.10/site-packages/apriltag_detector-0.0.0-py3.10.egg-info
[1.765s] running install_scripts
[1.799s] Installing apriltag_detector_node script to /home/naomichen/ros2_ws/install/apriltag_detector/lib/apriltag_detector
[1.800s] writing list of installed files to '/home/naomichen/ros2_ws/build/apriltag_detector/install.log'
[1.832s] Invoked command in '/home/naomichen/ros2_ws/src/apriltag_detector' returned '0': PYTHONPATH=/home/naomichen/ros2_ws/build/apriltag_detector/prefix_override:/usr/lib/python3/dist-packages/colcon_core/task/python/colcon_distutils_commands:/home/naomichen/ros2_ws/install/apriltag_detector/lib/python3.10/site-packages:${PYTHONPATH} /usr/bin/python3 -W ignore:setup.py install is deprecated -W ignore:easy_install command is deprecated setup.py egg_info --egg-base ../../build/apriltag_detector build --build-base /home/naomichen/ros2_ws/build/apriltag_detector/build install --record /home/naomichen/ros2_ws/build/apriltag_detector/install.log --single-version-externally-managed install_data
