running egg_info
writing ../../build/turtlebot3_avoidance/turtlebot3_avoidance.egg-info/PKG-INFO
writing dependency_links to ../../build/turtlebot3_avoidance/turtlebot3_avoidance.egg-info/dependency_links.txt
writing entry points to ../../build/turtlebot3_avoidance/turtlebot3_avoidance.egg-info/entry_points.txt
writing requirements to ../../build/turtlebot3_avoidance/turtlebot3_avoidance.egg-info/requires.txt
writing top-level names to ../../build/turtlebot3_avoidance/turtlebot3_avoidance.egg-info/top_level.txt
reading manifest file '../../build/turtlebot3_avoidance/turtlebot3_avoidance.egg-info/SOURCES.txt'
writing manifest file '../../build/turtlebot3_avoidance/turtlebot3_avoidance.egg-info/SOURCES.txt'
running build
running build_py
copying turtlebot3_avoidance/obstacle_avoidance.py -> /home/naomichen/ros2_ws/build/turtlebot3_avoidance/build/lib/turtlebot3_avoidance
running install
running install_lib
copying /home/naomichen/ros2_ws/build/turtlebot3_avoidance/build/lib/turtlebot3_avoidance/obstacle_avoidance.py -> /home/naomichen/ros2_ws/install/turtlebot3_avoidance/lib/python3.10/site-packages/turtlebot3_avoidance
byte-compiling /home/naomichen/ros2_ws/install/turtlebot3_avoidance/lib/python3.10/site-packages/turtlebot3_avoidance/obstacle_avoidance.py to obstacle_avoidance.cpython-310.pyc
Sorry: IndentationError: unexpected indent (obstacle_avoidance.py, line 9)
running install_data
running install_egg_info
removing '/home/naomichen/ros2_ws/install/turtlebot3_avoidance/lib/python3.10/site-packages/turtlebot3_avoidance-0.0.0-py3.10.egg-info' (and everything under it)
Copying ../../build/turtlebot3_avoidance/turtlebot3_avoidance.egg-info to /home/naomichen/ros2_ws/install/turtlebot3_avoidance/lib/python3.10/site-packages/turtlebot3_avoidance-0.0.0-py3.10.egg-info
running install_scripts
Installing obstacle_avoidance script to /home/naomichen/ros2_ws/install/turtlebot3_avoidance/lib/turtlebot3_avoidance
writing list of installed files to '/home/naomichen/ros2_ws/build/turtlebot3_avoidance/install.log'
