[1.294s] Invoking command in '/home/naomichen/ros2_ws/src/turtlebot3_apriltag': PYTHONPATH=/home/naomichen/ros2_ws/build/turtlebot3_apriltag/prefix_override:/usr/lib/python3/dist-packages/colcon_core/task/python/colcon_distutils_commands:/home/naomichen/ros2_ws/install/turtlebot3_apriltag/lib/python3.10/site-packages:${PYTHONPATH} /usr/bin/python3 -W ignore:setup.py install is deprecated -W ignore:easy_install command is deprecated setup.py egg_info --egg-base ../../build/turtlebot3_apriltag build --build-base /home/naomichen/ros2_ws/build/turtlebot3_apriltag/build install --record /home/naomichen/ros2_ws/build/turtlebot3_apriltag/install.log --single-version-externally-managed install_data
[1.801s] running egg_info
[1.803s] writing ../../build/turtlebot3_apriltag/turtlebot3_apriltag.egg-info/PKG-INFO
[1.805s] writing dependency_links to ../../build/turtlebot3_apriltag/turtlebot3_apriltag.egg-info/dependency_links.txt
[1.806s] writing entry points to ../../build/turtlebot3_apriltag/turtlebot3_apriltag.egg-info/entry_points.txt
[1.807s] writing requirements to ../../build/turtlebot3_apriltag/turtlebot3_apriltag.egg-info/requires.txt
[1.807s] writing top-level names to ../../build/turtlebot3_apriltag/turtlebot3_apriltag.egg-info/top_level.txt
[1.812s] reading manifest file '../../build/turtlebot3_apriltag/turtlebot3_apriltag.egg-info/SOURCES.txt'
[1.815s] writing manifest file '../../build/turtlebot3_apriltag/turtlebot3_apriltag.egg-info/SOURCES.txt'
[1.816s] running build
[1.816s] running build_py
[1.819s] running install
[1.820s] running install_lib
[1.823s] running install_data
[1.824s] running install_egg_info
[1.827s] removing '/home/naomichen/ros2_ws/install/turtlebot3_apriltag/lib/python3.10/site-packages/turtlebot3_apriltag-0.0.0-py3.10.egg-info' (and everything under it)
[1.828s] Copying ../../build/turtlebot3_apriltag/turtlebot3_apriltag.egg-info to /home/naomichen/ros2_ws/install/turtlebot3_apriltag/lib/python3.10/site-packages/turtlebot3_apriltag-0.0.0-py3.10.egg-info
[1.831s] running install_scripts
[1.871s] Installing tb_detect_apriltags_node script to /home/naomichen/ros2_ws/install/turtlebot3_apriltag/lib/turtlebot3_apriltag
[1.871s] writing list of installed files to '/home/naomichen/ros2_ws/build/turtlebot3_apriltag/install.log'
[1.905s] Invoked command in '/home/naomichen/ros2_ws/src/turtlebot3_apriltag' returned '0': PYTHONPATH=/home/naomichen/ros2_ws/build/turtlebot3_apriltag/prefix_override:/usr/lib/python3/dist-packages/colcon_core/task/python/colcon_distutils_commands:/home/naomichen/ros2_ws/install/turtlebot3_apriltag/lib/python3.10/site-packages:${PYTHONPATH} /usr/bin/python3 -W ignore:setup.py install is deprecated -W ignore:easy_install command is deprecated setup.py egg_info --egg-base ../../build/turtlebot3_apriltag build --build-base /home/naomichen/ros2_ws/build/turtlebot3_apriltag/build install --record /home/naomichen/ros2_ws/build/turtlebot3_apriltag/install.log --single-version-externally-managed install_data
