running egg_info
writing ../../build/turtlebot3_apriltag_follower/turtlebot3_apriltag_follower.egg-info/PKG-INFO
writing dependency_links to ../../build/turtlebot3_apriltag_follower/turtlebot3_apriltag_follower.egg-info/dependency_links.txt
writing entry points to ../../build/turtlebot3_apriltag_follower/turtlebot3_apriltag_follower.egg-info/entry_points.txt
writing requirements to ../../build/turtlebot3_apriltag_follower/turtlebot3_apriltag_follower.egg-info/requires.txt
writing top-level names to ../../build/turtlebot3_apriltag_follower/turtlebot3_apriltag_follower.egg-info/top_level.txt
reading manifest file '../../build/turtlebot3_apriltag_follower/turtlebot3_apriltag_follower.egg-info/SOURCES.txt'
writing manifest file '../../build/turtlebot3_apriltag_follower/turtlebot3_apriltag_follower.egg-info/SOURCES.txt'
running build
running build_py
copying turtlebot3_apriltag_follower/apriltag_follower.py -> /home/naomichen/ros2_ws/build/turtlebot3_apriltag_follower/build/lib/turtlebot3_apriltag_follower
running install
running install_lib
copying /home/naomichen/ros2_ws/build/turtlebot3_apriltag_follower/build/lib/turtlebot3_apriltag_follower/apriltag_follower.py -> /home/naomichen/ros2_ws/install/turtlebot3_apriltag_follower/lib/python3.10/site-packages/turtlebot3_apriltag_follower
byte-compiling /home/naomichen/ros2_ws/install/turtlebot3_apriltag_follower/lib/python3.10/site-packages/turtlebot3_apriltag_follower/apriltag_follower.py to apriltag_follower.cpython-310.pyc
running install_data
running install_egg_info
removing '/home/naomichen/ros2_ws/install/turtlebot3_apriltag_follower/lib/python3.10/site-packages/turtlebot3_apriltag_follower-0.0.0-py3.10.egg-info' (and everything under it)
Copying ../../build/turtlebot3_apriltag_follower/turtlebot3_apriltag_follower.egg-info to /home/naomichen/ros2_ws/install/turtlebot3_apriltag_follower/lib/python3.10/site-packages/turtlebot3_apriltag_follower-0.0.0-py3.10.egg-info
running install_scripts
Installing apriltag_follower_node script to /home/naomichen/ros2_ws/install/turtlebot3_apriltag_follower/lib/turtlebot3_apriltag_follower
writing list of installed files to '/home/naomichen/ros2_ws/build/turtlebot3_apriltag_follower/install.log'
