[0.206s] DEBUG:colcon:Command line arguments: ['/usr/bin/colcon', 'build', '--packages-select', 'turtlebot3_apriltag']
[0.206s] DEBUG:colcon:Parsed command line arguments: Namespace(log_base=None, log_level=None, verb_name='build', build_base='build', install_base='install', merge_install=False, symlink_install=False, test_result_base=None, continue_on_error=False, executor='parallel', parallel_workers=2, event_handlers=None, ignore_user_meta=False, metas=['./colcon.meta'], base_paths=['.'], packages_ignore=None, packages_ignore_regex=None, paths=None, packages_up_to=None, packages_up_to_regex=None, packages_above=None, packages_above_and_dependencies=None, packages_above_depth=None, packages_select_by_dep=None, packages_skip_by_dep=None, packages_skip_up_to=None, packages_select_build_failed=False, packages_skip_build_finished=False, packages_select_test_failures=False, packages_skip_test_passed=False, packages_select=['turtlebot3_apriltag'], packages_skip=None, packages_select_regex=None, packages_skip_regex=None, packages_start=None, packages_end=None, allow_overriding=[], cmake_args=None, cmake_target=None, cmake_target_skip_unavailable=False, cmake_clean_cache=False, cmake_clean_first=False, cmake_force_configure=False, ament_cmake_args=None, catkin_cmake_args=None, catkin_skip_building_tests=False, mixin_files=None, mixin=None, verb_parser=<colcon_mixin.mixin.mixin_argument.MixinArgumentDecorator object at 0x7f9131b6f9a0>, verb_extension=<colcon_core.verb.build.BuildVerb object at 0x7f9131d48910>, main=<bound method BuildVerb.main of <colcon_core.verb.build.BuildVerb object at 0x7f9131d48910>>, mixin_verb=('build',))
[0.559s] Level 1:colcon.colcon_core.package_discovery:discover_packages(colcon_meta) check parameters
[0.559s] Level 1:colcon.colcon_core.package_discovery:discover_packages(recursive) check parameters
[0.560s] Level 1:colcon.colcon_core.package_discovery:discover_packages(ignore) check parameters
[0.560s] Level 1:colcon.colcon_core.package_discovery:discover_packages(path) check parameters
[0.560s] Level 1:colcon.colcon_core.package_discovery:discover_packages(colcon_meta) discover
[0.560s] Level 1:colcon.colcon_core.package_discovery:discover_packages(recursive) discover
[0.560s] INFO:colcon.colcon_core.package_discovery:Crawling recursively for packages in '/home/naomichen/ros2_ws'
[0.560s] Level 1:colcon.colcon_core.package_identification:_identify(.) by extensions ['ignore', 'ignore_ament_install']
[0.560s] Level 1:colcon.colcon_core.package_identification:_identify(.) by extension 'ignore'
[0.560s] Level 1:colcon.colcon_core.package_identification:_identify(.) by extension 'ignore_ament_install'
[0.560s] Level 1:colcon.colcon_core.package_identification:_identify(.) by extensions ['colcon_pkg']
[0.560s] Level 1:colcon.colcon_core.package_identification:_identify(.) by extension 'colcon_pkg'
[0.561s] Level 1:colcon.colcon_core.package_identification:_identify(.) by extensions ['colcon_meta']
[0.561s] Level 1:colcon.colcon_core.package_identification:_identify(.) by extension 'colcon_meta'
[0.561s] Level 1:colcon.colcon_core.package_identification:_identify(.) by extensions ['ros']
[0.561s] Level 1:colcon.colcon_core.package_identification:_identify(.) by extension 'ros'
[0.580s] Level 1:colcon.colcon_core.package_identification:_identify(.) by extensions ['cmake', 'python']
[0.580s] Level 1:colcon.colcon_core.package_identification:_identify(.) by extension 'cmake'
[0.580s] Level 1:colcon.colcon_core.package_identification:_identify(.) by extension 'python'
[0.580s] Level 1:colcon.colcon_core.package_identification:_identify(.) by extensions ['python_setup_py']
[0.581s] Level 1:colcon.colcon_core.package_identification:_identify(.) by extension 'python_setup_py'
[0.581s] Level 1:colcon.colcon_core.package_identification:_identify(build) by extensions ['ignore', 'ignore_ament_install']
[0.581s] Level 1:colcon.colcon_core.package_identification:_identify(build) by extension 'ignore'
[0.581s] Level 1:colcon.colcon_core.package_identification:_identify(build) ignored
[0.581s] Level 1:colcon.colcon_core.package_identification:_identify(install) by extensions ['ignore', 'ignore_ament_install']
[0.581s] Level 1:colcon.colcon_core.package_identification:_identify(install) by extension 'ignore'
[0.581s] Level 1:colcon.colcon_core.package_identification:_identify(install) ignored
[0.582s] Level 1:colcon.colcon_core.package_identification:_identify(log) by extensions ['ignore', 'ignore_ament_install']
[0.582s] Level 1:colcon.colcon_core.package_identification:_identify(log) by extension 'ignore'
[0.582s] Level 1:colcon.colcon_core.package_identification:_identify(log) ignored
[0.582s] Level 1:colcon.colcon_core.package_identification:_identify(src) by extensions ['ignore', 'ignore_ament_install']
[0.583s] Level 1:colcon.colcon_core.package_identification:_identify(src) by extension 'ignore'
[0.583s] Level 1:colcon.colcon_core.package_identification:_identify(src) by extension 'ignore_ament_install'
[0.583s] Level 1:colcon.colcon_core.package_identification:_identify(src) by extensions ['colcon_pkg']
[0.583s] Level 1:colcon.colcon_core.package_identification:_identify(src) by extension 'colcon_pkg'
[0.583s] Level 1:colcon.colcon_core.package_identification:_identify(src) by extensions ['colcon_meta']
[0.583s] Level 1:colcon.colcon_core.package_identification:_identify(src) by extension 'colcon_meta'
[0.584s] Level 1:colcon.colcon_core.package_identification:_identify(src) by extensions ['ros']
[0.584s] Level 1:colcon.colcon_core.package_identification:_identify(src) by extension 'ros'
[0.584s] Level 1:colcon.colcon_core.package_identification:_identify(src) by extensions ['cmake', 'python']
[0.584s] Level 1:colcon.colcon_core.package_identification:_identify(src) by extension 'cmake'
[0.584s] Level 1:colcon.colcon_core.package_identification:_identify(src) by extension 'python'
[0.585s] Level 1:colcon.colcon_core.package_identification:_identify(src) by extensions ['python_setup_py']
[0.585s] Level 1:colcon.colcon_core.package_identification:_identify(src) by extension 'python_setup_py'
[0.585s] Level 1:colcon.colcon_core.package_identification:_identify(src/apriltag_detector) by extensions ['ignore', 'ignore_ament_install']
[0.585s] Level 1:colcon.colcon_core.package_identification:_identify(src/apriltag_detector) by extension 'ignore'
[0.585s] Level 1:colcon.colcon_core.package_identification:_identify(src/apriltag_detector) by extension 'ignore_ament_install'
[0.585s] Level 1:colcon.colcon_core.package_identification:_identify(src/apriltag_detector) by extensions ['colcon_pkg']
[0.585s] Level 1:colcon.colcon_core.package_identification:_identify(src/apriltag_detector) by extension 'colcon_pkg'
[0.585s] Level 1:colcon.colcon_core.package_identification:_identify(src/apriltag_detector) by extensions ['colcon_meta']
[0.585s] Level 1:colcon.colcon_core.package_identification:_identify(src/apriltag_detector) by extension 'colcon_meta'
[0.586s] Level 1:colcon.colcon_core.package_identification:_identify(src/apriltag_detector) by extensions ['ros']
[0.586s] Level 1:colcon.colcon_core.package_identification:_identify(src/apriltag_detector) by extension 'ros'
[0.589s] DEBUG:colcon.colcon_core.package_identification:Package 'src/apriltag_detector' with type 'ros.ament_python' and name 'apriltag_detector'
[0.590s] Level 1:colcon.colcon_core.package_identification:_identify(src/build) by extensions ['ignore', 'ignore_ament_install']
[0.592s] Level 1:colcon.colcon_core.package_identification:_identify(src/build) by extension 'ignore'
[0.592s] Level 1:colcon.colcon_core.package_identification:_identify(src/build) ignored
[0.592s] Level 1:colcon.colcon_core.package_identification:_identify(src/install) by extensions ['ignore', 'ignore_ament_install']
[0.592s] Level 1:colcon.colcon_core.package_identification:_identify(src/install) by extension 'ignore'
[0.592s] Level 1:colcon.colcon_core.package_identification:_identify(src/install) ignored
[0.592s] Level 1:colcon.colcon_core.package_identification:_identify(src/log) by extensions ['ignore', 'ignore_ament_install']
[0.593s] Level 1:colcon.colcon_core.package_identification:_identify(src/log) by extension 'ignore'
[0.593s] Level 1:colcon.colcon_core.package_identification:_identify(src/log) ignored
[0.593s] Level 1:colcon.colcon_core.package_identification:_identify(src/turtlebot3_apriltag) by extensions ['ignore', 'ignore_ament_install']
[0.593s] Level 1:colcon.colcon_core.package_identification:_identify(src/turtlebot3_apriltag) by extension 'ignore'
[0.593s] Level 1:colcon.colcon_core.package_identification:_identify(src/turtlebot3_apriltag) by extension 'ignore_ament_install'
[0.593s] Level 1:colcon.colcon_core.package_identification:_identify(src/turtlebot3_apriltag) by extensions ['colcon_pkg']
[0.593s] Level 1:colcon.colcon_core.package_identification:_identify(src/turtlebot3_apriltag) by extension 'colcon_pkg'
[0.593s] Level 1:colcon.colcon_core.package_identification:_identify(src/turtlebot3_apriltag) by extensions ['colcon_meta']
[0.593s] Level 1:colcon.colcon_core.package_identification:_identify(src/turtlebot3_apriltag) by extension 'colcon_meta'
[0.593s] Level 1:colcon.colcon_core.package_identification:_identify(src/turtlebot3_apriltag) by extensions ['ros']
[0.593s] Level 1:colcon.colcon_core.package_identification:_identify(src/turtlebot3_apriltag) by extension 'ros'
[0.594s] DEBUG:colcon.colcon_core.package_identification:Package 'src/turtlebot3_apriltag' with type 'ros.ament_python' and name 'turtlebot3_apriltag'
[0.595s] Level 1:colcon.colcon_core.package_identification:_identify(src/turtlebot3_avoidance) by extensions ['ignore', 'ignore_ament_install']
[0.595s] Level 1:colcon.colcon_core.package_identification:_identify(src/turtlebot3_avoidance) by extension 'ignore'
[0.595s] Level 1:colcon.colcon_core.package_identification:_identify(src/turtlebot3_avoidance) by extension 'ignore_ament_install'
[0.595s] Level 1:colcon.colcon_core.package_identification:_identify(src/turtlebot3_avoidance) by extensions ['colcon_pkg']
[0.595s] Level 1:colcon.colcon_core.package_identification:_identify(src/turtlebot3_avoidance) by extension 'colcon_pkg'
[0.595s] Level 1:colcon.colcon_core.package_identification:_identify(src/turtlebot3_avoidance) by extensions ['colcon_meta']
[0.595s] Level 1:colcon.colcon_core.package_identification:_identify(src/turtlebot3_avoidance) by extension 'colcon_meta'
[0.595s] Level 1:colcon.colcon_core.package_identification:_identify(src/turtlebot3_avoidance) by extensions ['ros']
[0.595s] Level 1:colcon.colcon_core.package_identification:_identify(src/turtlebot3_avoidance) by extension 'ros'
[0.596s] DEBUG:colcon.colcon_core.package_identification:Package 'src/turtlebot3_avoidance' with type 'ros.ament_python' and name 'turtlebot3_avoidance'
[0.596s] Level 1:colcon.colcon_core.package_discovery:discover_packages(recursive) using defaults
[0.596s] Level 1:colcon.colcon_core.package_discovery:discover_packages(ignore) discover
[0.596s] Level 1:colcon.colcon_core.package_discovery:discover_packages(ignore) using defaults
[0.597s] Level 1:colcon.colcon_core.package_discovery:discover_packages(path) discover
[0.597s] Level 1:colcon.colcon_core.package_discovery:discover_packages(path) using defaults
[0.646s] INFO:colcon.colcon_core.package_selection:Skipping not selected package 'apriltag_detector' in 'src/apriltag_detector'
[0.646s] INFO:colcon.colcon_core.package_selection:Skipping not selected package 'turtlebot3_avoidance' in 'src/turtlebot3_avoidance'
[0.647s] Level 1:colcon.colcon_core.package_discovery:discover_packages(prefix_path) check parameters
[0.647s] Level 1:colcon.colcon_core.package_discovery:discover_packages(prefix_path) discover
[0.650s] DEBUG:colcon.colcon_installed_package_information.package_discovery:Found 3 installed packages in /home/naomichen/ros2_ws/install
[0.651s] DEBUG:colcon.colcon_installed_package_information.package_discovery:Found 12 installed packages in /home/naomichen/turtlebot3_ws/install
[0.654s] DEBUG:colcon.colcon_installed_package_information.package_discovery:Found 389 installed packages in /opt/ros/humble
[0.659s] Level 1:colcon.colcon_core.package_discovery:discover_packages(prefix_path) using defaults
[0.754s] Level 5:colcon.colcon_core.verb:set package 'turtlebot3_apriltag' build argument 'cmake_args' from command line to 'None'
[0.754s] Level 5:colcon.colcon_core.verb:set package 'turtlebot3_apriltag' build argument 'cmake_target' from command line to 'None'
[0.754s] Level 5:colcon.colcon_core.verb:set package 'turtlebot3_apriltag' build argument 'cmake_target_skip_unavailable' from command line to 'False'
[0.754s] Level 5:colcon.colcon_core.verb:set package 'turtlebot3_apriltag' build argument 'cmake_clean_cache' from command line to 'False'
[0.754s] Level 5:colcon.colcon_core.verb:set package 'turtlebot3_apriltag' build argument 'cmake_clean_first' from command line to 'False'
[0.754s] Level 5:colcon.colcon_core.verb:set package 'turtlebot3_apriltag' build argument 'cmake_force_configure' from command line to 'False'
[0.754s] Level 5:colcon.colcon_core.verb:set package 'turtlebot3_apriltag' build argument 'ament_cmake_args' from command line to 'None'
[0.754s] Level 5:colcon.colcon_core.verb:set package 'turtlebot3_apriltag' build argument 'catkin_cmake_args' from command line to 'None'
[0.754s] Level 5:colcon.colcon_core.verb:set package 'turtlebot3_apriltag' build argument 'catkin_skip_building_tests' from command line to 'False'
[0.755s] DEBUG:colcon.colcon_core.verb:Building package 'turtlebot3_apriltag' with the following arguments: {'ament_cmake_args': None, 'build_base': '/home/naomichen/ros2_ws/build/turtlebot3_apriltag', 'catkin_cmake_args': None, 'catkin_skip_building_tests': False, 'cmake_args': None, 'cmake_clean_cache': False, 'cmake_clean_first': False, 'cmake_force_configure': False, 'cmake_target': None, 'cmake_target_skip_unavailable': False, 'install_base': '/home/naomichen/ros2_ws/install/turtlebot3_apriltag', 'merge_install': False, 'path': '/home/naomichen/ros2_ws/src/turtlebot3_apriltag', 'symlink_install': False, 'test_result_base': None}
[0.755s] INFO:colcon.colcon_core.executor:Executing jobs using 'parallel' executor
[0.758s] DEBUG:colcon.colcon_parallel_executor.executor.parallel:run_until_complete
[0.759s] INFO:colcon.colcon_ros.task.ament_python.build:Building ROS package in '/home/naomichen/ros2_ws/src/turtlebot3_apriltag' with build type 'ament_python'
[0.760s] Level 1:colcon.colcon_core.shell:create_environment_hook('turtlebot3_apriltag', 'ament_prefix_path')
[0.764s] INFO:colcon.colcon_core.plugin_system:Skipping extension 'colcon_core.shell.bat': Not used on non-Windows systems
[0.765s] INFO:colcon.colcon_core.shell:Creating environment hook '/home/naomichen/ros2_ws/install/turtlebot3_apriltag/share/turtlebot3_apriltag/hook/ament_prefix_path.ps1'
[0.766s] INFO:colcon.colcon_core.shell:Creating environment descriptor '/home/naomichen/ros2_ws/install/turtlebot3_apriltag/share/turtlebot3_apriltag/hook/ament_prefix_path.dsv'
[0.767s] INFO:colcon.colcon_core.shell:Creating environment hook '/home/naomichen/ros2_ws/install/turtlebot3_apriltag/share/turtlebot3_apriltag/hook/ament_prefix_path.sh'
[0.768s] INFO:colcon.colcon_core.shell:Skip shell extension 'powershell' for command environment: Not usable outside of PowerShell
[0.768s] DEBUG:colcon.colcon_core.shell:Skip shell extension 'dsv' for command environment
[1.315s] INFO:colcon.colcon_core.task.python.build:Building Python package in '/home/naomichen/ros2_ws/src/turtlebot3_apriltag'
[1.316s] INFO:colcon.colcon_core.shell:Skip shell extension 'powershell' for command environment: Not usable outside of PowerShell
[1.316s] DEBUG:colcon.colcon_core.shell:Skip shell extension 'dsv' for command environment
[2.055s] DEBUG:colcon.colcon_core.event_handler.log_command:Invoking command in '/home/naomichen/ros2_ws/src/turtlebot3_apriltag': PYTHONPATH=/home/naomichen/ros2_ws/build/turtlebot3_apriltag/prefix_override:/usr/lib/python3/dist-packages/colcon_core/task/python/colcon_distutils_commands:/home/naomichen/ros2_ws/install/turtlebot3_apriltag/lib/python3.10/site-packages:${PYTHONPATH} /usr/bin/python3 -W ignore:setup.py install is deprecated -W ignore:easy_install command is deprecated setup.py egg_info --egg-base ../../build/turtlebot3_apriltag build --build-base /home/naomichen/ros2_ws/build/turtlebot3_apriltag/build install --record /home/naomichen/ros2_ws/build/turtlebot3_apriltag/install.log --single-version-externally-managed install_data
[2.666s] DEBUG:colcon.colcon_core.event_handler.log_command:Invoked command in '/home/naomichen/ros2_ws/src/turtlebot3_apriltag' returned '0': PYTHONPATH=/home/naomichen/ros2_ws/build/turtlebot3_apriltag/prefix_override:/usr/lib/python3/dist-packages/colcon_core/task/python/colcon_distutils_commands:/home/naomichen/ros2_ws/install/turtlebot3_apriltag/lib/python3.10/site-packages:${PYTHONPATH} /usr/bin/python3 -W ignore:setup.py install is deprecated -W ignore:easy_install command is deprecated setup.py egg_info --egg-base ../../build/turtlebot3_apriltag build --build-base /home/naomichen/ros2_ws/build/turtlebot3_apriltag/build install --record /home/naomichen/ros2_ws/build/turtlebot3_apriltag/install.log --single-version-externally-managed install_data
[2.670s] Level 1:colcon.colcon_core.environment:checking '/home/naomichen/ros2_ws/install/turtlebot3_apriltag' for CMake module files
[2.671s] Level 1:colcon.colcon_core.environment:checking '/home/naomichen/ros2_ws/install/turtlebot3_apriltag' for CMake config files
[2.672s] Level 1:colcon.colcon_core.environment:checking '/home/naomichen/ros2_ws/install/turtlebot3_apriltag/lib'
[2.673s] Level 1:colcon.colcon_core.environment:checking '/home/naomichen/ros2_ws/install/turtlebot3_apriltag/bin'
[2.673s] Level 1:colcon.colcon_core.environment:checking '/home/naomichen/ros2_ws/install/turtlebot3_apriltag/lib/pkgconfig/turtlebot3_apriltag.pc'
[2.673s] Level 1:colcon.colcon_core.environment:checking '/home/naomichen/ros2_ws/install/turtlebot3_apriltag/lib/python3.10/site-packages'
[2.673s] Level 1:colcon.colcon_core.shell:create_environment_hook('turtlebot3_apriltag', 'pythonpath')
[2.674s] INFO:colcon.colcon_core.shell:Creating environment hook '/home/naomichen/ros2_ws/install/turtlebot3_apriltag/share/turtlebot3_apriltag/hook/pythonpath.ps1'
[2.674s] INFO:colcon.colcon_core.shell:Creating environment descriptor '/home/naomichen/ros2_ws/install/turtlebot3_apriltag/share/turtlebot3_apriltag/hook/pythonpath.dsv'
[2.675s] INFO:colcon.colcon_core.shell:Creating environment hook '/home/naomichen/ros2_ws/install/turtlebot3_apriltag/share/turtlebot3_apriltag/hook/pythonpath.sh'
[2.676s] Level 1:colcon.colcon_core.environment:checking '/home/naomichen/ros2_ws/install/turtlebot3_apriltag/bin'
[2.676s] Level 1:colcon.colcon_core.environment:create_environment_scripts_only(turtlebot3_apriltag)
[2.677s] INFO:colcon.colcon_core.shell:Creating package script '/home/naomichen/ros2_ws/install/turtlebot3_apriltag/share/turtlebot3_apriltag/package.ps1'
[2.679s] INFO:colcon.colcon_core.shell:Creating package descriptor '/home/naomichen/ros2_ws/install/turtlebot3_apriltag/share/turtlebot3_apriltag/package.dsv'
[2.680s] INFO:colcon.colcon_core.shell:Creating package script '/home/naomichen/ros2_ws/install/turtlebot3_apriltag/share/turtlebot3_apriltag/package.sh'
[2.682s] INFO:colcon.colcon_core.shell:Creating package script '/home/naomichen/ros2_ws/install/turtlebot3_apriltag/share/turtlebot3_apriltag/package.bash'
[2.684s] INFO:colcon.colcon_core.shell:Creating package script '/home/naomichen/ros2_ws/install/turtlebot3_apriltag/share/turtlebot3_apriltag/package.zsh'
[2.685s] Level 1:colcon.colcon_core.environment:create_file_with_runtime_dependencies(/home/naomichen/ros2_ws/install/turtlebot3_apriltag/share/colcon-core/packages/turtlebot3_apriltag)
[2.685s] DEBUG:colcon.colcon_parallel_executor.executor.parallel:closing loop
[2.687s] DEBUG:colcon.colcon_parallel_executor.executor.parallel:loop closed
[2.687s] DEBUG:colcon.colcon_parallel_executor.executor.parallel:run_until_complete finished with '0'
[2.687s] DEBUG:colcon.colcon_core.event_reactor:joining thread
[2.694s] INFO:colcon.colcon_core.plugin_system:Skipping extension 'colcon_notification.desktop_notification.terminal_notifier': Not used on non-Darwin systems
[2.695s] INFO:colcon.colcon_core.plugin_system:Skipping extension 'colcon_notification.desktop_notification.win32': Not used on non-Windows systems
[2.695s] INFO:colcon.colcon_notification.desktop_notification:Sending desktop notification using 'notify2'
[2.716s] DEBUG:colcon.colcon_core.event_reactor:joined thread
[2.716s] INFO:colcon.colcon_core.shell:Creating prefix script '/home/naomichen/ros2_ws/install/local_setup.ps1'
[2.718s] INFO:colcon.colcon_core.shell:Creating prefix util module '/home/naomichen/ros2_ws/install/_local_setup_util_ps1.py'
[2.721s] INFO:colcon.colcon_core.shell:Creating prefix chain script '/home/naomichen/ros2_ws/install/setup.ps1'
[2.724s] INFO:colcon.colcon_core.shell:Creating prefix script '/home/naomichen/ros2_ws/install/local_setup.sh'
[2.725s] INFO:colcon.colcon_core.shell:Creating prefix util module '/home/naomichen/ros2_ws/install/_local_setup_util_sh.py'
[2.727s] INFO:colcon.colcon_core.shell:Creating prefix chain script '/home/naomichen/ros2_ws/install/setup.sh'
[2.735s] INFO:colcon.colcon_core.shell:Creating prefix script '/home/naomichen/ros2_ws/install/local_setup.bash'
[2.737s] INFO:colcon.colcon_core.shell:Creating prefix chain script '/home/naomichen/ros2_ws/install/setup.bash'
[2.742s] INFO:colcon.colcon_core.shell:Creating prefix script '/home/naomichen/ros2_ws/install/local_setup.zsh'
[2.744s] INFO:colcon.colcon_core.shell:Creating prefix chain script '/home/naomichen/ros2_ws/install/setup.zsh'
