[1.902s] Invoking command in '/home/naomichen/ros2_ws/src/turtlebot3_apriltag_follower': PYTHONPATH=/home/naomichen/ros2_ws/build/turtlebot3_apriltag_follower/prefix_override:/usr/lib/python3/dist-packages/colcon_core/task/python/colcon_distutils_commands:/home/naomichen/ros2_ws/install/turtlebot3_apriltag_follower/lib/python3.10/site-packages:${PYTHONPATH} /usr/bin/python3 -W ignore:setup.py install is deprecated -W ignore:easy_install command is deprecated setup.py egg_info --egg-base ../../build/turtlebot3_apriltag_follower build --build-base /home/naomichen/ros2_ws/build/turtlebot3_apriltag_follower/build install --record /home/naomichen/ros2_ws/build/turtlebot3_apriltag_follower/install.log --single-version-externally-managed install_data
[2.468s] running egg_info
[2.470s] writing ../../build/turtlebot3_apriltag_follower/turtlebot3_apriltag_follower.egg-info/PKG-INFO
[2.470s] writing dependency_links to ../../build/turtlebot3_apriltag_follower/turtlebot3_apriltag_follower.egg-info/dependency_links.txt
[2.471s] writing entry points to ../../build/turtlebot3_apriltag_follower/turtlebot3_apriltag_follower.egg-info/entry_points.txt
[2.471s] writing requirements to ../../build/turtlebot3_apriltag_follower/turtlebot3_apriltag_follower.egg-info/requires.txt
[2.471s] writing top-level names to ../../build/turtlebot3_apriltag_follower/turtlebot3_apriltag_follower.egg-info/top_level.txt
[2.474s] reading manifest file '../../build/turtlebot3_apriltag_follower/turtlebot3_apriltag_follower.egg-info/SOURCES.txt'
[2.478s] writing manifest file '../../build/turtlebot3_apriltag_follower/turtlebot3_apriltag_follower.egg-info/SOURCES.txt'
[2.478s] running build
[2.478s] running build_py
[2.479s] running install
[2.480s] running install_lib
[2.484s] running install_data
[2.485s] running install_egg_info
[2.489s] removing '/home/naomichen/ros2_ws/install/turtlebot3_apriltag_follower/lib/python3.10/site-packages/turtlebot3_apriltag_follower-0.0.0-py3.10.egg-info' (and everything under it)
[2.490s] Copying ../../build/turtlebot3_apriltag_follower/turtlebot3_apriltag_follower.egg-info to /home/naomichen/ros2_ws/install/turtlebot3_apriltag_follower/lib/python3.10/site-packages/turtlebot3_apriltag_follower-0.0.0-py3.10.egg-info
[2.493s] running install_scripts
[2.535s] Installing apriltag_follower_node script to /home/naomichen/ros2_ws/install/turtlebot3_apriltag_follower/lib/turtlebot3_apriltag_follower
[2.536s] writing list of installed files to '/home/naomichen/ros2_ws/build/turtlebot3_apriltag_follower/install.log'
[2.580s] Invoked command in '/home/naomichen/ros2_ws/src/turtlebot3_apriltag_follower' returned '0': PYTHONPATH=/home/naomichen/ros2_ws/build/turtlebot3_apriltag_follower/prefix_override:/usr/lib/python3/dist-packages/colcon_core/task/python/colcon_distutils_commands:/home/naomichen/ros2_ws/install/turtlebot3_apriltag_follower/lib/python3.10/site-packages:${PYTHONPATH} /usr/bin/python3 -W ignore:setup.py install is deprecated -W ignore:easy_install command is deprecated setup.py egg_info --egg-base ../../build/turtlebot3_apriltag_follower build --build-base /home/naomichen/ros2_ws/build/turtlebot3_apriltag_follower/build install --record /home/naomichen/ros2_ws/build/turtlebot3_apriltag_follower/install.log --single-version-externally-managed install_data
