[1.133s] Invoking command in '/home/naomichen/ros2_ws/src/turtlebot3_avoidance': PYTHONPATH=/home/naomichen/ros2_ws/build/turtlebot3_avoidance/prefix_override:/usr/lib/python3/dist-packages/colcon_core/task/python/colcon_distutils_commands:/home/naomichen/ros2_ws/install/turtlebot3_avoidance/lib/python3.10/site-packages:${PYTHONPATH} /usr/bin/python3 -W ignore:setup.py install is deprecated -W ignore:easy_install command is deprecated setup.py egg_info --egg-base ../../build/turtlebot3_avoidance build --build-base /home/naomichen/ros2_ws/build/turtlebot3_avoidance/build install --record /home/naomichen/ros2_ws/build/turtlebot3_avoidance/install.log --single-version-externally-managed install_data
[1.590s] running egg_info
[1.591s] writing ../../build/turtlebot3_avoidance/turtlebot3_avoidance.egg-info/PKG-INFO
[1.591s] writing dependency_links to ../../build/turtlebot3_avoidance/turtlebot3_avoidance.egg-info/dependency_links.txt
[1.592s] writing entry points to ../../build/turtlebot3_avoidance/turtlebot3_avoidance.egg-info/entry_points.txt
[1.592s] writing requirements to ../../build/turtlebot3_avoidance/turtlebot3_avoidance.egg-info/requires.txt
[1.592s] writing top-level names to ../../build/turtlebot3_avoidance/turtlebot3_avoidance.egg-info/top_level.txt
[1.595s] reading manifest file '../../build/turtlebot3_avoidance/turtlebot3_avoidance.egg-info/SOURCES.txt'
[1.597s] writing manifest file '../../build/turtlebot3_avoidance/turtlebot3_avoidance.egg-info/SOURCES.txt'
[1.597s] running build
[1.597s] running build_py
[1.597s] copying turtlebot3_avoidance/obstacle_avoidance.py -> /home/naomichen/ros2_ws/build/turtlebot3_avoidance/build/lib/turtlebot3_avoidance
[1.597s] running install
[1.598s] running install_lib
[1.599s] copying /home/naomichen/ros2_ws/build/turtlebot3_avoidance/build/lib/turtlebot3_avoidance/obstacle_avoidance.py -> /home/naomichen/ros2_ws/install/turtlebot3_avoidance/lib/python3.10/site-packages/turtlebot3_avoidance
[1.600s] byte-compiling /home/naomichen/ros2_ws/install/turtlebot3_avoidance/lib/python3.10/site-packages/turtlebot3_avoidance/obstacle_avoidance.py to obstacle_avoidance.cpython-310.pyc
[1.601s] running install_data
[1.601s] running install_egg_info
[1.601s]   File "/home/naomichen/ros2_ws/install/turtlebot3_avoidance/lib/python3.10/site-packages/turtlebot3_avoidance/obstacle_avoidance.py", line 16
[1.601s]     def avoid.obstacle(self):
[1.601s]              ^
[1.601s] SyntaxError: invalid syntax
[1.601s] 
[1.604s] removing '/home/naomichen/ros2_ws/install/turtlebot3_avoidance/lib/python3.10/site-packages/turtlebot3_avoidance-0.0.0-py3.10.egg-info' (and everything under it)
[1.604s] Copying ../../build/turtlebot3_avoidance/turtlebot3_avoidance.egg-info to /home/naomichen/ros2_ws/install/turtlebot3_avoidance/lib/python3.10/site-packages/turtlebot3_avoidance-0.0.0-py3.10.egg-info
[1.605s] running install_scripts
[1.638s] Installing obstacle_avoidance script to /home/naomichen/ros2_ws/install/turtlebot3_avoidance/lib/turtlebot3_avoidance
[1.639s] writing list of installed files to '/home/naomichen/ros2_ws/build/turtlebot3_avoidance/install.log'
[1.676s] Invoked command in '/home/naomichen/ros2_ws/src/turtlebot3_avoidance' returned '0': PYTHONPATH=/home/naomichen/ros2_ws/build/turtlebot3_avoidance/prefix_override:/usr/lib/python3/dist-packages/colcon_core/task/python/colcon_distutils_commands:/home/naomichen/ros2_ws/install/turtlebot3_avoidance/lib/python3.10/site-packages:${PYTHONPATH} /usr/bin/python3 -W ignore:setup.py install is deprecated -W ignore:easy_install command is deprecated setup.py egg_info --egg-base ../../build/turtlebot3_avoidance build --build-base /home/naomichen/ros2_ws/build/turtlebot3_avoidance/build install --record /home/naomichen/ros2_ws/build/turtlebot3_avoidance/install.log --single-version-externally-managed install_data
