[0.185s] DEBUG:colcon:Command line arguments: ['/usr/bin/colcon', 'build', '--packages-select', 'turtlebot3_avoidance']
[0.185s] DEBUG:colcon:Parsed command line arguments: Namespace(log_base=None, log_level=None, verb_name='build', build_base='build', install_base='install', merge_install=False, symlink_install=False, test_result_base=None, continue_on_error=False, executor='parallel', parallel_workers=2, event_handlers=None, ignore_user_meta=False, metas=['./colcon.meta'], base_paths=['.'], packages_ignore=None, packages_ignore_regex=None, paths=None, packages_up_to=None, packages_up_to_regex=None, packages_above=None, packages_above_and_dependencies=None, packages_above_depth=None, packages_select_by_dep=None, packages_skip_by_dep=None, packages_skip_up_to=None, packages_select_build_failed=False, packages_skip_build_finished=False, packages_select_test_failures=False, packages_skip_test_passed=False, packages_select=['turtlebot3_avoidance'], packages_skip=None, packages_select_regex=None, packages_skip_regex=None, packages_start=None, packages_end=None, allow_overriding=[], cmake_args=None, cmake_target=None, cmake_target_skip_unavailable=False, cmake_clean_cache=False, cmake_clean_first=False, cmake_force_configure=False, ament_cmake_args=None, catkin_cmake_args=None, catkin_skip_building_tests=False, mixin_files=None, mixin=None, verb_parser=<colcon_mixin.mixin.mixin_argument.MixinArgumentDecorator object at 0x7f805d88ee00>, verb_extension=<colcon_core.verb.build.BuildVerb object at 0x7f805da1be50>, main=<bound method BuildVerb.main of <colcon_core.verb.build.BuildVerb object at 0x7f805da1be50>>, mixin_verb=('build',))
[0.507s] Level 1:colcon.colcon_core.package_discovery:discover_packages(colcon_meta) check parameters
[0.507s] Level 1:colcon.colcon_core.package_discovery:discover_packages(recursive) check parameters
[0.507s] Level 1:colcon.colcon_core.package_discovery:discover_packages(ignore) check parameters
[0.507s] Level 1:colcon.colcon_core.package_discovery:discover_packages(path) check parameters
[0.507s] Level 1:colcon.colcon_core.package_discovery:discover_packages(colcon_meta) discover
[0.507s] Level 1:colcon.colcon_core.package_discovery:discover_packages(recursive) discover
[0.507s] INFO:colcon.colcon_core.package_discovery:Crawling recursively for packages in '/home/naomichen/ros2_ws'
[0.508s] Level 1:colcon.colcon_core.package_identification:_identify(.) by extensions ['ignore', 'ignore_ament_install']
[0.508s] Level 1:colcon.colcon_core.package_identification:_identify(.) by extension 'ignore'
[0.508s] Level 1:colcon.colcon_core.package_identification:_identify(.) by extension 'ignore_ament_install'
[0.508s] Level 1:colcon.colcon_core.package_identification:_identify(.) by extensions ['colcon_pkg']
[0.508s] Level 1:colcon.colcon_core.package_identification:_identify(.) by extension 'colcon_pkg'
[0.508s] Level 1:colcon.colcon_core.package_identification:_identify(.) by extensions ['colcon_meta']
[0.508s] Level 1:colcon.colcon_core.package_identification:_identify(.) by extension 'colcon_meta'
[0.508s] Level 1:colcon.colcon_core.package_identification:_identify(.) by extensions ['ros']
[0.508s] Level 1:colcon.colcon_core.package_identification:_identify(.) by extension 'ros'
[0.525s] Level 1:colcon.colcon_core.package_identification:_identify(.) by extensions ['cmake', 'python']
[0.525s] Level 1:colcon.colcon_core.package_identification:_identify(.) by extension 'cmake'
[0.525s] Level 1:colcon.colcon_core.package_identification:_identify(.) by extension 'python'
[0.526s] Level 1:colcon.colcon_core.package_identification:_identify(.) by extensions ['python_setup_py']
[0.526s] Level 1:colcon.colcon_core.package_identification:_identify(.) by extension 'python_setup_py'
[0.526s] Level 1:colcon.colcon_core.package_identification:_identify(build) by extensions ['ignore', 'ignore_ament_install']
[0.526s] Level 1:colcon.colcon_core.package_identification:_identify(build) by extension 'ignore'
[0.526s] Level 1:colcon.colcon_core.package_identification:_identify(build) ignored
[0.526s] Level 1:colcon.colcon_core.package_identification:_identify(install) by extensions ['ignore', 'ignore_ament_install']
[0.526s] Level 1:colcon.colcon_core.package_identification:_identify(install) by extension 'ignore'
[0.526s] Level 1:colcon.colcon_core.package_identification:_identify(install) ignored
[0.527s] Level 1:colcon.colcon_core.package_identification:_identify(log) by extensions ['ignore', 'ignore_ament_install']
[0.527s] Level 1:colcon.colcon_core.package_identification:_identify(log) by extension 'ignore'
[0.527s] Level 1:colcon.colcon_core.package_identification:_identify(log) ignored
[0.527s] Level 1:colcon.colcon_core.package_identification:_identify(src) by extensions ['ignore', 'ignore_ament_install']
[0.527s] Level 1:colcon.colcon_core.package_identification:_identify(src) by extension 'ignore'
[0.527s] Level 1:colcon.colcon_core.package_identification:_identify(src) by extension 'ignore_ament_install'
[0.527s] Level 1:colcon.colcon_core.package_identification:_identify(src) by extensions ['colcon_pkg']
[0.527s] Level 1:colcon.colcon_core.package_identification:_identify(src) by extension 'colcon_pkg'
[0.527s] Level 1:colcon.colcon_core.package_identification:_identify(src) by extensions ['colcon_meta']
[0.527s] Level 1:colcon.colcon_core.package_identification:_identify(src) by extension 'colcon_meta'
[0.527s] Level 1:colcon.colcon_core.package_identification:_identify(src) by extensions ['ros']
[0.527s] Level 1:colcon.colcon_core.package_identification:_identify(src) by extension 'ros'
[0.528s] Level 1:colcon.colcon_core.package_identification:_identify(src) by extensions ['cmake', 'python']
[0.528s] Level 1:colcon.colcon_core.package_identification:_identify(src) by extension 'cmake'
[0.528s] Level 1:colcon.colcon_core.package_identification:_identify(src) by extension 'python'
[0.528s] Level 1:colcon.colcon_core.package_identification:_identify(src) by extensions ['python_setup_py']
[0.528s] Level 1:colcon.colcon_core.package_identification:_identify(src) by extension 'python_setup_py'
[0.528s] Level 1:colcon.colcon_core.package_identification:_identify(src/turtlebot3_avoidance) by extensions ['ignore', 'ignore_ament_install']
[0.528s] Level 1:colcon.colcon_core.package_identification:_identify(src/turtlebot3_avoidance) by extension 'ignore'
[0.528s] Level 1:colcon.colcon_core.package_identification:_identify(src/turtlebot3_avoidance) by extension 'ignore_ament_install'
[0.528s] Level 1:colcon.colcon_core.package_identification:_identify(src/turtlebot3_avoidance) by extensions ['colcon_pkg']
[0.528s] Level 1:colcon.colcon_core.package_identification:_identify(src/turtlebot3_avoidance) by extension 'colcon_pkg'
[0.528s] Level 1:colcon.colcon_core.package_identification:_identify(src/turtlebot3_avoidance) by extensions ['colcon_meta']
[0.529s] Level 1:colcon.colcon_core.package_identification:_identify(src/turtlebot3_avoidance) by extension 'colcon_meta'
[0.529s] Level 1:colcon.colcon_core.package_identification:_identify(src/turtlebot3_avoidance) by extensions ['ros']
[0.529s] Level 1:colcon.colcon_core.package_identification:_identify(src/turtlebot3_avoidance) by extension 'ros'
[0.537s] DEBUG:colcon.colcon_core.package_identification:Package 'src/turtlebot3_avoidance' with type 'ros.ament_python' and name 'turtlebot3_avoidance'
[0.537s] Level 1:colcon.colcon_core.package_discovery:discover_packages(recursive) using defaults
[0.537s] Level 1:colcon.colcon_core.package_discovery:discover_packages(ignore) discover
[0.537s] Level 1:colcon.colcon_core.package_discovery:discover_packages(ignore) using defaults
[0.537s] Level 1:colcon.colcon_core.package_discovery:discover_packages(path) discover
[0.537s] Level 1:colcon.colcon_core.package_discovery:discover_packages(path) using defaults
[0.588s] Level 1:colcon.colcon_core.package_discovery:discover_packages(prefix_path) check parameters
[0.588s] Level 1:colcon.colcon_core.package_discovery:discover_packages(prefix_path) discover
[0.591s] DEBUG:colcon.colcon_installed_package_information.package_discovery:Found 1 installed packages in /home/naomichen/ros2_ws/install
[0.592s] DEBUG:colcon.colcon_installed_package_information.package_discovery:Found 12 installed packages in /home/naomichen/turtlebot3_ws/install
[0.595s] DEBUG:colcon.colcon_installed_package_information.package_discovery:Found 363 installed packages in /opt/ros/humble
[0.599s] Level 1:colcon.colcon_core.package_discovery:discover_packages(prefix_path) using defaults
[0.690s] Level 5:colcon.colcon_core.verb:set package 'turtlebot3_avoidance' build argument 'cmake_args' from command line to 'None'
[0.691s] Level 5:colcon.colcon_core.verb:set package 'turtlebot3_avoidance' build argument 'cmake_target' from command line to 'None'
[0.691s] Level 5:colcon.colcon_core.verb:set package 'turtlebot3_avoidance' build argument 'cmake_target_skip_unavailable' from command line to 'False'
[0.691s] Level 5:colcon.colcon_core.verb:set package 'turtlebot3_avoidance' build argument 'cmake_clean_cache' from command line to 'False'
[0.691s] Level 5:colcon.colcon_core.verb:set package 'turtlebot3_avoidance' build argument 'cmake_clean_first' from command line to 'False'
[0.691s] Level 5:colcon.colcon_core.verb:set package 'turtlebot3_avoidance' build argument 'cmake_force_configure' from command line to 'False'
[0.691s] Level 5:colcon.colcon_core.verb:set package 'turtlebot3_avoidance' build argument 'ament_cmake_args' from command line to 'None'
[0.691s] Level 5:colcon.colcon_core.verb:set package 'turtlebot3_avoidance' build argument 'catkin_cmake_args' from command line to 'None'
[0.691s] Level 5:colcon.colcon_core.verb:set package 'turtlebot3_avoidance' build argument 'catkin_skip_building_tests' from command line to 'False'
[0.691s] DEBUG:colcon.colcon_core.verb:Building package 'turtlebot3_avoidance' with the following arguments: {'ament_cmake_args': None, 'build_base': '/home/naomichen/ros2_ws/build/turtlebot3_avoidance', 'catkin_cmake_args': None, 'catkin_skip_building_tests': False, 'cmake_args': None, 'cmake_clean_cache': False, 'cmake_clean_first': False, 'cmake_force_configure': False, 'cmake_target': None, 'cmake_target_skip_unavailable': False, 'install_base': '/home/naomichen/ros2_ws/install/turtlebot3_avoidance', 'merge_install': False, 'path': '/home/naomichen/ros2_ws/src/turtlebot3_avoidance', 'symlink_install': False, 'test_result_base': None}
[0.691s] INFO:colcon.colcon_core.executor:Executing jobs using 'parallel' executor
[0.693s] DEBUG:colcon.colcon_parallel_executor.executor.parallel:run_until_complete
[0.693s] INFO:colcon.colcon_ros.task.ament_python.build:Building ROS package in '/home/naomichen/ros2_ws/src/turtlebot3_avoidance' with build type 'ament_python'
[0.693s] Level 1:colcon.colcon_core.shell:create_environment_hook('turtlebot3_avoidance', 'ament_prefix_path')
[0.697s] INFO:colcon.colcon_core.plugin_system:Skipping extension 'colcon_core.shell.bat': Not used on non-Windows systems
[0.697s] INFO:colcon.colcon_core.shell:Creating environment hook '/home/naomichen/ros2_ws/install/turtlebot3_avoidance/share/turtlebot3_avoidance/hook/ament_prefix_path.ps1'
[0.698s] INFO:colcon.colcon_core.shell:Creating environment descriptor '/home/naomichen/ros2_ws/install/turtlebot3_avoidance/share/turtlebot3_avoidance/hook/ament_prefix_path.dsv'
[0.699s] INFO:colcon.colcon_core.shell:Creating environment hook '/home/naomichen/ros2_ws/install/turtlebot3_avoidance/share/turtlebot3_avoidance/hook/ament_prefix_path.sh'
[0.701s] INFO:colcon.colcon_core.shell:Skip shell extension 'powershell' for command environment: Not usable outside of PowerShell
[0.701s] DEBUG:colcon.colcon_core.shell:Skip shell extension 'dsv' for command environment
[1.190s] INFO:colcon.colcon_core.task.python.build:Building Python package in '/home/naomichen/ros2_ws/src/turtlebot3_avoidance'
[1.190s] INFO:colcon.colcon_core.shell:Skip shell extension 'powershell' for command environment: Not usable outside of PowerShell
[1.190s] DEBUG:colcon.colcon_core.shell:Skip shell extension 'dsv' for command environment
[1.839s] DEBUG:colcon.colcon_core.event_handler.log_command:Invoking command in '/home/naomichen/ros2_ws/src/turtlebot3_avoidance': PYTHONPATH=/home/naomichen/ros2_ws/build/turtlebot3_avoidance/prefix_override:/usr/lib/python3/dist-packages/colcon_core/task/python/colcon_distutils_commands:/home/naomichen/ros2_ws/install/turtlebot3_avoidance/lib/python3.10/site-packages:${PYTHONPATH} /usr/bin/python3 -W ignore:setup.py install is deprecated -W ignore:easy_install command is deprecated setup.py egg_info --egg-base ../../build/turtlebot3_avoidance build --build-base /home/naomichen/ros2_ws/build/turtlebot3_avoidance/build install --record /home/naomichen/ros2_ws/build/turtlebot3_avoidance/install.log --single-version-externally-managed install_data
[2.445s] DEBUG:colcon.colcon_core.event_handler.log_command:Invoked command in '/home/naomichen/ros2_ws/src/turtlebot3_avoidance' returned '0': PYTHONPATH=/home/naomichen/ros2_ws/build/turtlebot3_avoidance/prefix_override:/usr/lib/python3/dist-packages/colcon_core/task/python/colcon_distutils_commands:/home/naomichen/ros2_ws/install/turtlebot3_avoidance/lib/python3.10/site-packages:${PYTHONPATH} /usr/bin/python3 -W ignore:setup.py install is deprecated -W ignore:easy_install command is deprecated setup.py egg_info --egg-base ../../build/turtlebot3_avoidance build --build-base /home/naomichen/ros2_ws/build/turtlebot3_avoidance/build install --record /home/naomichen/ros2_ws/build/turtlebot3_avoidance/install.log --single-version-externally-managed install_data
[2.452s] Level 1:colcon.colcon_core.environment:checking '/home/naomichen/ros2_ws/install/turtlebot3_avoidance' for CMake module files
[2.453s] Level 1:colcon.colcon_core.environment:checking '/home/naomichen/ros2_ws/install/turtlebot3_avoidance' for CMake config files
[2.455s] Level 1:colcon.colcon_core.environment:checking '/home/naomichen/ros2_ws/install/turtlebot3_avoidance/lib'
[2.455s] Level 1:colcon.colcon_core.environment:checking '/home/naomichen/ros2_ws/install/turtlebot3_avoidance/bin'
[2.455s] Level 1:colcon.colcon_core.environment:checking '/home/naomichen/ros2_ws/install/turtlebot3_avoidance/lib/pkgconfig/turtlebot3_avoidance.pc'
[2.456s] Level 1:colcon.colcon_core.environment:checking '/home/naomichen/ros2_ws/install/turtlebot3_avoidance/lib/python3.10/site-packages'
[2.456s] Level 1:colcon.colcon_core.shell:create_environment_hook('turtlebot3_avoidance', 'pythonpath')
[2.456s] INFO:colcon.colcon_core.shell:Creating environment hook '/home/naomichen/ros2_ws/install/turtlebot3_avoidance/share/turtlebot3_avoidance/hook/pythonpath.ps1'
[2.458s] INFO:colcon.colcon_core.shell:Creating environment descriptor '/home/naomichen/ros2_ws/install/turtlebot3_avoidance/share/turtlebot3_avoidance/hook/pythonpath.dsv'
[2.459s] INFO:colcon.colcon_core.shell:Creating environment hook '/home/naomichen/ros2_ws/install/turtlebot3_avoidance/share/turtlebot3_avoidance/hook/pythonpath.sh'
[2.460s] Level 1:colcon.colcon_core.environment:checking '/home/naomichen/ros2_ws/install/turtlebot3_avoidance/bin'
[2.461s] Level 1:colcon.colcon_core.environment:create_environment_scripts_only(turtlebot3_avoidance)
[2.462s] INFO:colcon.colcon_core.shell:Creating package script '/home/naomichen/ros2_ws/install/turtlebot3_avoidance/share/turtlebot3_avoidance/package.ps1'
[2.463s] INFO:colcon.colcon_core.shell:Creating package descriptor '/home/naomichen/ros2_ws/install/turtlebot3_avoidance/share/turtlebot3_avoidance/package.dsv'
[2.465s] INFO:colcon.colcon_core.shell:Creating package script '/home/naomichen/ros2_ws/install/turtlebot3_avoidance/share/turtlebot3_avoidance/package.sh'
[2.466s] INFO:colcon.colcon_core.shell:Creating package script '/home/naomichen/ros2_ws/install/turtlebot3_avoidance/share/turtlebot3_avoidance/package.bash'
[2.468s] INFO:colcon.colcon_core.shell:Creating package script '/home/naomichen/ros2_ws/install/turtlebot3_avoidance/share/turtlebot3_avoidance/package.zsh'
[2.469s] Level 1:colcon.colcon_core.environment:create_file_with_runtime_dependencies(/home/naomichen/ros2_ws/install/turtlebot3_avoidance/share/colcon-core/packages/turtlebot3_avoidance)
[2.470s] DEBUG:colcon.colcon_parallel_executor.executor.parallel:closing loop
[2.471s] DEBUG:colcon.colcon_parallel_executor.executor.parallel:loop closed
[2.471s] DEBUG:colcon.colcon_parallel_executor.executor.parallel:run_until_complete finished with '0'
[2.471s] DEBUG:colcon.colcon_core.event_reactor:joining thread
[2.482s] INFO:colcon.colcon_core.plugin_system:Skipping extension 'colcon_notification.desktop_notification.terminal_notifier': Not used on non-Darwin systems
[2.482s] INFO:colcon.colcon_core.plugin_system:Skipping extension 'colcon_notification.desktop_notification.win32': Not used on non-Windows systems
[2.482s] INFO:colcon.colcon_notification.desktop_notification:Sending desktop notification using 'notify2'
[2.505s] DEBUG:colcon.colcon_core.event_reactor:joined thread
[2.506s] INFO:colcon.colcon_core.shell:Creating prefix script '/home/naomichen/ros2_ws/install/local_setup.ps1'
[2.507s] INFO:colcon.colcon_core.shell:Creating prefix util module '/home/naomichen/ros2_ws/install/_local_setup_util_ps1.py'
[2.510s] INFO:colcon.colcon_core.shell:Creating prefix chain script '/home/naomichen/ros2_ws/install/setup.ps1'
[2.513s] INFO:colcon.colcon_core.shell:Creating prefix script '/home/naomichen/ros2_ws/install/local_setup.sh'
[2.514s] INFO:colcon.colcon_core.shell:Creating prefix util module '/home/naomichen/ros2_ws/install/_local_setup_util_sh.py'
[2.516s] INFO:colcon.colcon_core.shell:Creating prefix chain script '/home/naomichen/ros2_ws/install/setup.sh'
[2.520s] INFO:colcon.colcon_core.shell:Creating prefix script '/home/naomichen/ros2_ws/install/local_setup.bash'
[2.522s] INFO:colcon.colcon_core.shell:Creating prefix chain script '/home/naomichen/ros2_ws/install/setup.bash'
[2.525s] INFO:colcon.colcon_core.shell:Creating prefix script '/home/naomichen/ros2_ws/install/local_setup.zsh'
[2.526s] INFO:colcon.colcon_core.shell:Creating prefix chain script '/home/naomichen/ros2_ws/install/setup.zsh'
