[0.187s] DEBUG:colcon:Command line arguments: ['/usr/bin/colcon', 'build', '--packages-select', 'turtlebot3_avoidance']
[0.187s] DEBUG:colcon:Parsed command line arguments: Namespace(log_base=None, log_level=None, verb_name='build', build_base='build', install_base='install', merge_install=False, symlink_install=False, test_result_base=None, continue_on_error=False, executor='parallel', parallel_workers=2, event_handlers=None, ignore_user_meta=False, metas=['./colcon.meta'], base_paths=['.'], packages_ignore=None, packages_ignore_regex=None, paths=None, packages_up_to=None, packages_up_to_regex=None, packages_above=None, packages_above_and_dependencies=None, packages_above_depth=None, packages_select_by_dep=None, packages_skip_by_dep=None, packages_skip_up_to=None, packages_select_build_failed=False, packages_skip_build_finished=False, packages_select_test_failures=False, packages_skip_test_passed=False, packages_select=['turtlebot3_avoidance'], packages_skip=None, packages_select_regex=None, packages_skip_regex=None, packages_start=None, packages_end=None, allow_overriding=[], cmake_args=None, cmake_target=None, cmake_target_skip_unavailable=False, cmake_clean_cache=False, cmake_clean_first=False, cmake_force_configure=False, ament_cmake_args=None, catkin_cmake_args=None, catkin_skip_building_tests=False, mixin_files=None, mixin=None, verb_parser=<colcon_mixin.mixin.mixin_argument.MixinArgumentDecorator object at 0x7fbae6ab2950>, verb_extension=<colcon_core.verb.build.BuildVerb object at 0x7fbae6c43b20>, main=<bound method BuildVerb.main of <colcon_core.verb.build.BuildVerb object at 0x7fbae6c43b20>>, mixin_verb=('build',))
[0.516s] Level 1:colcon.colcon_core.package_discovery:discover_packages(colcon_meta) check parameters
[0.516s] Level 1:colcon.colcon_core.package_discovery:discover_packages(recursive) check parameters
[0.516s] Level 1:colcon.colcon_core.package_discovery:discover_packages(ignore) check parameters
[0.516s] Level 1:colcon.colcon_core.package_discovery:discover_packages(path) check parameters
[0.516s] Level 1:colcon.colcon_core.package_discovery:discover_packages(colcon_meta) discover
[0.516s] Level 1:colcon.colcon_core.package_discovery:discover_packages(recursive) discover
[0.516s] INFO:colcon.colcon_core.package_discovery:Crawling recursively for packages in '/home/naomichen/ros2_ws'
[0.516s] Level 1:colcon.colcon_core.package_identification:_identify(.) by extensions ['ignore', 'ignore_ament_install']
[0.516s] Level 1:colcon.colcon_core.package_identification:_identify(.) by extension 'ignore'
[0.517s] Level 1:colcon.colcon_core.package_identification:_identify(.) by extension 'ignore_ament_install'
[0.517s] Level 1:colcon.colcon_core.package_identification:_identify(.) by extensions ['colcon_pkg']
[0.517s] Level 1:colcon.colcon_core.package_identification:_identify(.) by extension 'colcon_pkg'
[0.517s] Level 1:colcon.colcon_core.package_identification:_identify(.) by extensions ['colcon_meta']
[0.517s] Level 1:colcon.colcon_core.package_identification:_identify(.) by extension 'colcon_meta'
[0.517s] Level 1:colcon.colcon_core.package_identification:_identify(.) by extensions ['ros']
[0.517s] Level 1:colcon.colcon_core.package_identification:_identify(.) by extension 'ros'
[0.535s] Level 1:colcon.colcon_core.package_identification:_identify(.) by extensions ['cmake', 'python']
[0.535s] Level 1:colcon.colcon_core.package_identification:_identify(.) by extension 'cmake'
[0.535s] Level 1:colcon.colcon_core.package_identification:_identify(.) by extension 'python'
[0.535s] Level 1:colcon.colcon_core.package_identification:_identify(.) by extensions ['python_setup_py']
[0.535s] Level 1:colcon.colcon_core.package_identification:_identify(.) by extension 'python_setup_py'
[0.536s] Level 1:colcon.colcon_core.package_identification:_identify(build) by extensions ['ignore', 'ignore_ament_install']
[0.536s] Level 1:colcon.colcon_core.package_identification:_identify(build) by extension 'ignore'
[0.536s] Level 1:colcon.colcon_core.package_identification:_identify(build) ignored
[0.536s] Level 1:colcon.colcon_core.package_identification:_identify(install) by extensions ['ignore', 'ignore_ament_install']
[0.536s] Level 1:colcon.colcon_core.package_identification:_identify(install) by extension 'ignore'
[0.536s] Level 1:colcon.colcon_core.package_identification:_identify(install) ignored
[0.537s] Level 1:colcon.colcon_core.package_identification:_identify(log) by extensions ['ignore', 'ignore_ament_install']
[0.537s] Level 1:colcon.colcon_core.package_identification:_identify(log) by extension 'ignore'
[0.537s] Level 1:colcon.colcon_core.package_identification:_identify(log) ignored
[0.537s] Level 1:colcon.colcon_core.package_identification:_identify(src) by extensions ['ignore', 'ignore_ament_install']
[0.537s] Level 1:colcon.colcon_core.package_identification:_identify(src) by extension 'ignore'
[0.537s] Level 1:colcon.colcon_core.package_identification:_identify(src) by extension 'ignore_ament_install'
[0.537s] Level 1:colcon.colcon_core.package_identification:_identify(src) by extensions ['colcon_pkg']
[0.537s] Level 1:colcon.colcon_core.package_identification:_identify(src) by extension 'colcon_pkg'
[0.537s] Level 1:colcon.colcon_core.package_identification:_identify(src) by extensions ['colcon_meta']
[0.537s] Level 1:colcon.colcon_core.package_identification:_identify(src) by extension 'colcon_meta'
[0.537s] Level 1:colcon.colcon_core.package_identification:_identify(src) by extensions ['ros']
[0.537s] Level 1:colcon.colcon_core.package_identification:_identify(src) by extension 'ros'
[0.538s] Level 1:colcon.colcon_core.package_identification:_identify(src) by extensions ['cmake', 'python']
[0.538s] Level 1:colcon.colcon_core.package_identification:_identify(src) by extension 'cmake'
[0.538s] Level 1:colcon.colcon_core.package_identification:_identify(src) by extension 'python'
[0.538s] Level 1:colcon.colcon_core.package_identification:_identify(src) by extensions ['python_setup_py']
[0.538s] Level 1:colcon.colcon_core.package_identification:_identify(src) by extension 'python_setup_py'
[0.538s] Level 1:colcon.colcon_core.package_identification:_identify(src/turtlebot3_avoidance) by extensions ['ignore', 'ignore_ament_install']
[0.538s] Level 1:colcon.colcon_core.package_identification:_identify(src/turtlebot3_avoidance) by extension 'ignore'
[0.538s] Level 1:colcon.colcon_core.package_identification:_identify(src/turtlebot3_avoidance) by extension 'ignore_ament_install'
[0.538s] Level 1:colcon.colcon_core.package_identification:_identify(src/turtlebot3_avoidance) by extensions ['colcon_pkg']
[0.538s] Level 1:colcon.colcon_core.package_identification:_identify(src/turtlebot3_avoidance) by extension 'colcon_pkg'
[0.538s] Level 1:colcon.colcon_core.package_identification:_identify(src/turtlebot3_avoidance) by extensions ['colcon_meta']
[0.538s] Level 1:colcon.colcon_core.package_identification:_identify(src/turtlebot3_avoidance) by extension 'colcon_meta'
[0.538s] Level 1:colcon.colcon_core.package_identification:_identify(src/turtlebot3_avoidance) by extensions ['ros']
[0.539s] Level 1:colcon.colcon_core.package_identification:_identify(src/turtlebot3_avoidance) by extension 'ros'
[0.551s] DEBUG:colcon.colcon_core.package_identification:Package 'src/turtlebot3_avoidance' with type 'ros.ament_python' and name 'turtlebot3_avoidance'
[0.551s] Level 1:colcon.colcon_core.package_discovery:discover_packages(recursive) using defaults
[0.551s] Level 1:colcon.colcon_core.package_discovery:discover_packages(ignore) discover
[0.551s] Level 1:colcon.colcon_core.package_discovery:discover_packages(ignore) using defaults
[0.551s] Level 1:colcon.colcon_core.package_discovery:discover_packages(path) discover
[0.551s] Level 1:colcon.colcon_core.package_discovery:discover_packages(path) using defaults
[0.600s] Level 1:colcon.colcon_core.package_discovery:discover_packages(prefix_path) check parameters
[0.600s] Level 1:colcon.colcon_core.package_discovery:discover_packages(prefix_path) discover
[0.604s] DEBUG:colcon.colcon_installed_package_information.package_discovery:Found 12 installed packages in /home/naomichen/turtlebot3_ws/install
[0.607s] DEBUG:colcon.colcon_installed_package_information.package_discovery:Found 363 installed packages in /opt/ros/humble
[0.612s] Level 1:colcon.colcon_core.package_discovery:discover_packages(prefix_path) using defaults
[0.729s] Level 5:colcon.colcon_core.verb:set package 'turtlebot3_avoidance' build argument 'cmake_args' from command line to 'None'
[0.729s] Level 5:colcon.colcon_core.verb:set package 'turtlebot3_avoidance' build argument 'cmake_target' from command line to 'None'
[0.729s] Level 5:colcon.colcon_core.verb:set package 'turtlebot3_avoidance' build argument 'cmake_target_skip_unavailable' from command line to 'False'
[0.729s] Level 5:colcon.colcon_core.verb:set package 'turtlebot3_avoidance' build argument 'cmake_clean_cache' from command line to 'False'
[0.729s] Level 5:colcon.colcon_core.verb:set package 'turtlebot3_avoidance' build argument 'cmake_clean_first' from command line to 'False'
[0.729s] Level 5:colcon.colcon_core.verb:set package 'turtlebot3_avoidance' build argument 'cmake_force_configure' from command line to 'False'
[0.729s] Level 5:colcon.colcon_core.verb:set package 'turtlebot3_avoidance' build argument 'ament_cmake_args' from command line to 'None'
[0.729s] Level 5:colcon.colcon_core.verb:set package 'turtlebot3_avoidance' build argument 'catkin_cmake_args' from command line to 'None'
[0.729s] Level 5:colcon.colcon_core.verb:set package 'turtlebot3_avoidance' build argument 'catkin_skip_building_tests' from command line to 'False'
[0.729s] DEBUG:colcon.colcon_core.verb:Building package 'turtlebot3_avoidance' with the following arguments: {'ament_cmake_args': None, 'build_base': '/home/naomichen/ros2_ws/build/turtlebot3_avoidance', 'catkin_cmake_args': None, 'catkin_skip_building_tests': False, 'cmake_args': None, 'cmake_clean_cache': False, 'cmake_clean_first': False, 'cmake_force_configure': False, 'cmake_target': None, 'cmake_target_skip_unavailable': False, 'install_base': '/home/naomichen/ros2_ws/install/turtlebot3_avoidance', 'merge_install': False, 'path': '/home/naomichen/ros2_ws/src/turtlebot3_avoidance', 'symlink_install': False, 'test_result_base': None}
[0.729s] INFO:colcon.colcon_core.executor:Executing jobs using 'parallel' executor
[0.731s] DEBUG:colcon.colcon_parallel_executor.executor.parallel:run_until_complete
[0.731s] INFO:colcon.colcon_ros.task.ament_python.build:Building ROS package in '/home/naomichen/ros2_ws/src/turtlebot3_avoidance' with build type 'ament_python'
[0.732s] Level 1:colcon.colcon_core.shell:create_environment_hook('turtlebot3_avoidance', 'ament_prefix_path')
[0.735s] INFO:colcon.colcon_core.plugin_system:Skipping extension 'colcon_core.shell.bat': Not used on non-Windows systems
[0.736s] INFO:colcon.colcon_core.shell:Creating environment hook '/home/naomichen/ros2_ws/install/turtlebot3_avoidance/share/turtlebot3_avoidance/hook/ament_prefix_path.ps1'
[0.738s] INFO:colcon.colcon_core.shell:Creating environment descriptor '/home/naomichen/ros2_ws/install/turtlebot3_avoidance/share/turtlebot3_avoidance/hook/ament_prefix_path.dsv'
[0.740s] INFO:colcon.colcon_core.shell:Creating environment hook '/home/naomichen/ros2_ws/install/turtlebot3_avoidance/share/turtlebot3_avoidance/hook/ament_prefix_path.sh'
[0.741s] INFO:colcon.colcon_core.shell:Skip shell extension 'powershell' for command environment: Not usable outside of PowerShell
[0.742s] DEBUG:colcon.colcon_core.shell:Skip shell extension 'dsv' for command environment
[1.237s] INFO:colcon.colcon_core.task.python.build:Building Python package in '/home/naomichen/ros2_ws/src/turtlebot3_avoidance'
[1.237s] INFO:colcon.colcon_core.shell:Skip shell extension 'powershell' for command environment: Not usable outside of PowerShell
[1.237s] DEBUG:colcon.colcon_core.shell:Skip shell extension 'dsv' for command environment
[2.182s] DEBUG:colcon.colcon_core.event_handler.log_command:Invoking command in '/home/naomichen/ros2_ws/src/turtlebot3_avoidance': PYTHONPATH=/home/naomichen/ros2_ws/build/turtlebot3_avoidance/prefix_override:/usr/lib/python3/dist-packages/colcon_core/task/python/colcon_distutils_commands:/home/naomichen/ros2_ws/install/turtlebot3_avoidance/lib/python3.10/site-packages:${PYTHONPATH} /usr/bin/python3 -W ignore:setup.py install is deprecated -W ignore:easy_install command is deprecated setup.py egg_info --egg-base ../../build/turtlebot3_avoidance build --build-base /home/naomichen/ros2_ws/build/turtlebot3_avoidance/build install --record /home/naomichen/ros2_ws/build/turtlebot3_avoidance/install.log --single-version-externally-managed install_data
[2.750s] DEBUG:colcon.colcon_core.event_handler.log_command:Invoked command in '/home/naomichen/ros2_ws/src/turtlebot3_avoidance' returned '0': PYTHONPATH=/home/naomichen/ros2_ws/build/turtlebot3_avoidance/prefix_override:/usr/lib/python3/dist-packages/colcon_core/task/python/colcon_distutils_commands:/home/naomichen/ros2_ws/install/turtlebot3_avoidance/lib/python3.10/site-packages:${PYTHONPATH} /usr/bin/python3 -W ignore:setup.py install is deprecated -W ignore:easy_install command is deprecated setup.py egg_info --egg-base ../../build/turtlebot3_avoidance build --build-base /home/naomichen/ros2_ws/build/turtlebot3_avoidance/build install --record /home/naomichen/ros2_ws/build/turtlebot3_avoidance/install.log --single-version-externally-managed install_data
[2.768s] Level 1:colcon.colcon_core.environment:checking '/home/naomichen/ros2_ws/install/turtlebot3_avoidance' for CMake module files
[2.769s] Level 1:colcon.colcon_core.environment:checking '/home/naomichen/ros2_ws/install/turtlebot3_avoidance' for CMake config files
[2.770s] Level 1:colcon.colcon_core.environment:checking '/home/naomichen/ros2_ws/install/turtlebot3_avoidance/lib'
[2.770s] Level 1:colcon.colcon_core.environment:checking '/home/naomichen/ros2_ws/install/turtlebot3_avoidance/bin'
[2.770s] Level 1:colcon.colcon_core.environment:checking '/home/naomichen/ros2_ws/install/turtlebot3_avoidance/lib/pkgconfig/turtlebot3_avoidance.pc'
[2.770s] Level 1:colcon.colcon_core.environment:checking '/home/naomichen/ros2_ws/install/turtlebot3_avoidance/lib/python3.10/site-packages'
[2.770s] Level 1:colcon.colcon_core.shell:create_environment_hook('turtlebot3_avoidance', 'pythonpath')
[2.771s] INFO:colcon.colcon_core.shell:Creating environment hook '/home/naomichen/ros2_ws/install/turtlebot3_avoidance/share/turtlebot3_avoidance/hook/pythonpath.ps1'
[2.771s] INFO:colcon.colcon_core.shell:Creating environment descriptor '/home/naomichen/ros2_ws/install/turtlebot3_avoidance/share/turtlebot3_avoidance/hook/pythonpath.dsv'
[2.772s] INFO:colcon.colcon_core.shell:Creating environment hook '/home/naomichen/ros2_ws/install/turtlebot3_avoidance/share/turtlebot3_avoidance/hook/pythonpath.sh'
[2.773s] Level 1:colcon.colcon_core.environment:checking '/home/naomichen/ros2_ws/install/turtlebot3_avoidance/bin'
[2.773s] Level 1:colcon.colcon_core.environment:create_environment_scripts_only(turtlebot3_avoidance)
[2.773s] INFO:colcon.colcon_core.shell:Creating package script '/home/naomichen/ros2_ws/install/turtlebot3_avoidance/share/turtlebot3_avoidance/package.ps1'
[2.775s] INFO:colcon.colcon_core.shell:Creating package descriptor '/home/naomichen/ros2_ws/install/turtlebot3_avoidance/share/turtlebot3_avoidance/package.dsv'
[2.777s] INFO:colcon.colcon_core.shell:Creating package script '/home/naomichen/ros2_ws/install/turtlebot3_avoidance/share/turtlebot3_avoidance/package.sh'
[2.779s] INFO:colcon.colcon_core.shell:Creating package script '/home/naomichen/ros2_ws/install/turtlebot3_avoidance/share/turtlebot3_avoidance/package.bash'
[2.781s] INFO:colcon.colcon_core.shell:Creating package script '/home/naomichen/ros2_ws/install/turtlebot3_avoidance/share/turtlebot3_avoidance/package.zsh'
[2.784s] Level 1:colcon.colcon_core.environment:create_file_with_runtime_dependencies(/home/naomichen/ros2_ws/install/turtlebot3_avoidance/share/colcon-core/packages/turtlebot3_avoidance)
[2.784s] DEBUG:colcon.colcon_parallel_executor.executor.parallel:closing loop
[2.785s] DEBUG:colcon.colcon_parallel_executor.executor.parallel:loop closed
[2.785s] DEBUG:colcon.colcon_parallel_executor.executor.parallel:run_until_complete finished with '0'
[2.785s] DEBUG:colcon.colcon_core.event_reactor:joining thread
[2.795s] INFO:colcon.colcon_core.plugin_system:Skipping extension 'colcon_notification.desktop_notification.terminal_notifier': Not used on non-Darwin systems
[2.795s] INFO:colcon.colcon_core.plugin_system:Skipping extension 'colcon_notification.desktop_notification.win32': Not used on non-Windows systems
[2.795s] INFO:colcon.colcon_notification.desktop_notification:Sending desktop notification using 'notify2'
[2.813s] DEBUG:colcon.colcon_core.event_reactor:joined thread
[2.814s] INFO:colcon.colcon_core.shell:Creating prefix script '/home/naomichen/ros2_ws/install/local_setup.ps1'
[2.815s] INFO:colcon.colcon_core.shell:Creating prefix util module '/home/naomichen/ros2_ws/install/_local_setup_util_ps1.py'
[2.818s] INFO:colcon.colcon_core.shell:Creating prefix chain script '/home/naomichen/ros2_ws/install/setup.ps1'
[2.821s] INFO:colcon.colcon_core.shell:Creating prefix script '/home/naomichen/ros2_ws/install/local_setup.sh'
[2.822s] INFO:colcon.colcon_core.shell:Creating prefix util module '/home/naomichen/ros2_ws/install/_local_setup_util_sh.py'
[2.824s] INFO:colcon.colcon_core.shell:Creating prefix chain script '/home/naomichen/ros2_ws/install/setup.sh'
[2.826s] INFO:colcon.colcon_core.shell:Creating prefix script '/home/naomichen/ros2_ws/install/local_setup.bash'
[2.828s] INFO:colcon.colcon_core.shell:Creating prefix chain script '/home/naomichen/ros2_ws/install/setup.bash'
[2.832s] INFO:colcon.colcon_core.shell:Creating prefix script '/home/naomichen/ros2_ws/install/local_setup.zsh'
[2.833s] INFO:colcon.colcon_core.shell:Creating prefix chain script '/home/naomichen/ros2_ws/install/setup.zsh'
