running egg_info
creating ../../build/turtlebot3_apriltag/turtlebot3_apriltag.egg-info
writing ../../build/turtlebot3_apriltag/turtlebot3_apriltag.egg-info/PKG-INFO
writing dependency_links to ../../build/turtlebot3_apriltag/turtlebot3_apriltag.egg-info/dependency_links.txt
writing entry points to ../../build/turtlebot3_apriltag/turtlebot3_apriltag.egg-info/entry_points.txt
writing requirements to ../../build/turtlebot3_apriltag/turtlebot3_apriltag.egg-info/requires.txt
writing top-level names to ../../build/turtlebot3_apriltag/turtlebot3_apriltag.egg-info/top_level.txt
writing manifest file '../../build/turtlebot3_apriltag/turtlebot3_apriltag.egg-info/SOURCES.txt'
reading manifest file '../../build/turtlebot3_apriltag/turtlebot3_apriltag.egg-info/SOURCES.txt'
writing manifest file '../../build/turtlebot3_apriltag/turtlebot3_apriltag.egg-info/SOURCES.txt'
running build
running build_py
creating /home/naomichen/ros2_ws/build/turtlebot3_apriltag/build
creating /home/naomichen/ros2_ws/build/turtlebot3_apriltag/build/lib
creating /home/naomichen/ros2_ws/build/turtlebot3_apriltag/build/lib/turtlebot3_apriltag
copying turtlebot3_apriltag/tb_detect_apriltags.py -> /home/naomichen/ros2_ws/build/turtlebot3_apriltag/build/lib/turtlebot3_apriltag
copying turtlebot3_apriltag/__init__.py -> /home/naomichen/ros2_ws/build/turtlebot3_apriltag/build/lib/turtlebot3_apriltag
running install
running install_lib
creating /home/naomichen/ros2_ws/install/turtlebot3_apriltag/lib/python3.10/site-packages/turtlebot3_apriltag
copying /home/naomichen/ros2_ws/build/turtlebot3_apriltag/build/lib/turtlebot3_apriltag/tb_detect_apriltags.py -> /home/naomichen/ros2_ws/install/turtlebot3_apriltag/lib/python3.10/site-packages/turtlebot3_apriltag
copying /home/naomichen/ros2_ws/build/turtlebot3_apriltag/build/lib/turtlebot3_apriltag/__init__.py -> /home/naomichen/ros2_ws/install/turtlebot3_apriltag/lib/python3.10/site-packages/turtlebot3_apriltag
byte-compiling /home/naomichen/ros2_ws/install/turtlebot3_apriltag/lib/python3.10/site-packages/turtlebot3_apriltag/tb_detect_apriltags.py to tb_detect_apriltags.cpython-310.pyc
byte-compiling /home/naomichen/ros2_ws/install/turtlebot3_apriltag/lib/python3.10/site-packages/turtlebot3_apriltag/__init__.py to __init__.cpython-310.pyc
running install_data
creating /home/naomichen/ros2_ws/install/turtlebot3_apriltag/share/ament_index
creating /home/naomichen/ros2_ws/install/turtlebot3_apriltag/share/ament_index/resource_index
creating /home/naomichen/ros2_ws/install/turtlebot3_apriltag/share/ament_index/resource_index/packages
copying resource/turtlebot3_apriltag -> /home/naomichen/ros2_ws/install/turtlebot3_apriltag/share/ament_index/resource_index/packages
copying package.xml -> /home/naomichen/ros2_ws/install/turtlebot3_apriltag/share/turtlebot3_apriltag
running install_egg_info
Copying ../../build/turtlebot3_apriltag/turtlebot3_apriltag.egg-info to /home/naomichen/ros2_ws/install/turtlebot3_apriltag/lib/python3.10/site-packages/turtlebot3_apriltag-0.0.0-py3.10.egg-info
running install_scripts
Installing tb_detect_apriltags script to /home/naomichen/ros2_ws/install/turtlebot3_apriltag/lib/turtlebot3_apriltag
writing list of installed files to '/home/naomichen/ros2_ws/build/turtlebot3_apriltag/install.log'
