[1.597s] Invoking command in '/home/naomichen/ros2_ws/src/turtlebot3_apriltag': PYTHONPATH=/home/naomichen/ros2_ws/build/turtlebot3_apriltag/prefix_override:/usr/lib/python3/dist-packages/colcon_core/task/python/colcon_distutils_commands:/home/naomichen/ros2_ws/install/turtlebot3_apriltag/lib/python3.10/site-packages:${PYTHONPATH} /usr/bin/python3 -W ignore:setup.py install is deprecated -W ignore:easy_install command is deprecated setup.py egg_info --egg-base ../../build/turtlebot3_apriltag build --build-base /home/naomichen/ros2_ws/build/turtlebot3_apriltag/build install --record /home/naomichen/ros2_ws/build/turtlebot3_apriltag/install.log --single-version-externally-managed install_data
[2.083s] running egg_info
[2.084s] creating ../../build/turtlebot3_apriltag/turtlebot3_apriltag.egg-info
[2.085s] writing ../../build/turtlebot3_apriltag/turtlebot3_apriltag.egg-info/PKG-INFO
[2.085s] writing dependency_links to ../../build/turtlebot3_apriltag/turtlebot3_apriltag.egg-info/dependency_links.txt
[2.085s] writing entry points to ../../build/turtlebot3_apriltag/turtlebot3_apriltag.egg-info/entry_points.txt
[2.086s] writing requirements to ../../build/turtlebot3_apriltag/turtlebot3_apriltag.egg-info/requires.txt
[2.086s] writing top-level names to ../../build/turtlebot3_apriltag/turtlebot3_apriltag.egg-info/top_level.txt
[2.086s] writing manifest file '../../build/turtlebot3_apriltag/turtlebot3_apriltag.egg-info/SOURCES.txt'
[2.088s] reading manifest file '../../build/turtlebot3_apriltag/turtlebot3_apriltag.egg-info/SOURCES.txt'
[2.090s] writing manifest file '../../build/turtlebot3_apriltag/turtlebot3_apriltag.egg-info/SOURCES.txt'
[2.090s] running build
[2.091s] running build_py
[2.091s] creating /home/naomichen/ros2_ws/build/turtlebot3_apriltag/build
[2.091s] creating /home/naomichen/ros2_ws/build/turtlebot3_apriltag/build/lib
[2.091s] creating /home/naomichen/ros2_ws/build/turtlebot3_apriltag/build/lib/turtlebot3_apriltag
[2.091s] copying turtlebot3_apriltag/tb_detect_apriltags.py -> /home/naomichen/ros2_ws/build/turtlebot3_apriltag/build/lib/turtlebot3_apriltag
[2.092s] copying turtlebot3_apriltag/__init__.py -> /home/naomichen/ros2_ws/build/turtlebot3_apriltag/build/lib/turtlebot3_apriltag
[2.092s] running install
[2.092s] running install_lib
[2.093s] creating /home/naomichen/ros2_ws/install/turtlebot3_apriltag/lib/python3.10/site-packages/turtlebot3_apriltag
[2.093s] copying /home/naomichen/ros2_ws/build/turtlebot3_apriltag/build/lib/turtlebot3_apriltag/tb_detect_apriltags.py -> /home/naomichen/ros2_ws/install/turtlebot3_apriltag/lib/python3.10/site-packages/turtlebot3_apriltag
[2.094s] copying /home/naomichen/ros2_ws/build/turtlebot3_apriltag/build/lib/turtlebot3_apriltag/__init__.py -> /home/naomichen/ros2_ws/install/turtlebot3_apriltag/lib/python3.10/site-packages/turtlebot3_apriltag
[2.094s] byte-compiling /home/naomichen/ros2_ws/install/turtlebot3_apriltag/lib/python3.10/site-packages/turtlebot3_apriltag/tb_detect_apriltags.py to tb_detect_apriltags.cpython-310.pyc
[2.095s] byte-compiling /home/naomichen/ros2_ws/install/turtlebot3_apriltag/lib/python3.10/site-packages/turtlebot3_apriltag/__init__.py to __init__.cpython-310.pyc
[2.096s] running install_data
[2.096s] creating /home/naomichen/ros2_ws/install/turtlebot3_apriltag/share/ament_index
[2.096s] creating /home/naomichen/ros2_ws/install/turtlebot3_apriltag/share/ament_index/resource_index
[2.096s] creating /home/naomichen/ros2_ws/install/turtlebot3_apriltag/share/ament_index/resource_index/packages
[2.096s] copying resource/turtlebot3_apriltag -> /home/naomichen/ros2_ws/install/turtlebot3_apriltag/share/ament_index/resource_index/packages
[2.096s] copying package.xml -> /home/naomichen/ros2_ws/install/turtlebot3_apriltag/share/turtlebot3_apriltag
[2.097s] running install_egg_info
[2.099s] Copying ../../build/turtlebot3_apriltag/turtlebot3_apriltag.egg-info to /home/naomichen/ros2_ws/install/turtlebot3_apriltag/lib/python3.10/site-packages/turtlebot3_apriltag-0.0.0-py3.10.egg-info
[2.100s] running install_scripts
[2.140s] Installing tb_detect_apriltags script to /home/naomichen/ros2_ws/install/turtlebot3_apriltag/lib/turtlebot3_apriltag
[2.140s] writing list of installed files to '/home/naomichen/ros2_ws/build/turtlebot3_apriltag/install.log'
[2.174s] Invoked command in '/home/naomichen/ros2_ws/src/turtlebot3_apriltag' returned '0': PYTHONPATH=/home/naomichen/ros2_ws/build/turtlebot3_apriltag/prefix_override:/usr/lib/python3/dist-packages/colcon_core/task/python/colcon_distutils_commands:/home/naomichen/ros2_ws/install/turtlebot3_apriltag/lib/python3.10/site-packages:${PYTHONPATH} /usr/bin/python3 -W ignore:setup.py install is deprecated -W ignore:easy_install command is deprecated setup.py egg_info --egg-base ../../build/turtlebot3_apriltag build --build-base /home/naomichen/ros2_ws/build/turtlebot3_apriltag/build install --record /home/naomichen/ros2_ws/build/turtlebot3_apriltag/install.log --single-version-externally-managed install_data
