running egg_info
creating ../../build/apriltag_detector/apriltag_detector.egg-info
writing ../../build/apriltag_detector/apriltag_detector.egg-info/PKG-INFO
writing dependency_links to ../../build/apriltag_detector/apriltag_detector.egg-info/dependency_links.txt
writing entry points to ../../build/apriltag_detector/apriltag_detector.egg-info/entry_points.txt
writing requirements to ../../build/apriltag_detector/apriltag_detector.egg-info/requires.txt
writing top-level names to ../../build/apriltag_detector/apriltag_detector.egg-info/top_level.txt
writing manifest file '../../build/apriltag_detector/apriltag_detector.egg-info/SOURCES.txt'
reading manifest file '../../build/apriltag_detector/apriltag_detector.egg-info/SOURCES.txt'
writing manifest file '../../build/apriltag_detector/apriltag_detector.egg-info/SOURCES.txt'
running build
running build_py
creating /home/naomichen/ros2_ws/build/apriltag_detector/build
creating /home/naomichen/ros2_ws/build/apriltag_detector/build/lib
creating /home/naomichen/ros2_ws/build/apriltag_detector/build/lib/apriltag_detector
copying apriltag_detector/detect_apriltags.py -> /home/naomichen/ros2_ws/build/apriltag_detector/build/lib/apriltag_detector
copying apriltag_detector/__init__.py -> /home/naomichen/ros2_ws/build/apriltag_detector/build/lib/apriltag_detector
running install
running install_lib
creating /home/naomichen/ros2_ws/install/apriltag_detector/lib/python3.10/site-packages/apriltag_detector
copying /home/naomichen/ros2_ws/build/apriltag_detector/build/lib/apriltag_detector/detect_apriltags.py -> /home/naomichen/ros2_ws/install/apriltag_detector/lib/python3.10/site-packages/apriltag_detector
copying /home/naomichen/ros2_ws/build/apriltag_detector/build/lib/apriltag_detector/__init__.py -> /home/naomichen/ros2_ws/install/apriltag_detector/lib/python3.10/site-packages/apriltag_detector
byte-compiling /home/naomichen/ros2_ws/install/apriltag_detector/lib/python3.10/site-packages/apriltag_detector/detect_apriltags.py to detect_apriltags.cpython-310.pyc
byte-compiling /home/naomichen/ros2_ws/install/apriltag_detector/lib/python3.10/site-packages/apriltag_detector/__init__.py to __init__.cpython-310.pyc
running install_data
creating /home/naomichen/ros2_ws/install/apriltag_detector/share/ament_index
creating /home/naomichen/ros2_ws/install/apriltag_detector/share/ament_index/resource_index
creating /home/naomichen/ros2_ws/install/apriltag_detector/share/ament_index/resource_index/packages
copying resource/apriltag_detector -> /home/naomichen/ros2_ws/install/apriltag_detector/share/ament_index/resource_index/packages
copying package.xml -> /home/naomichen/ros2_ws/install/apriltag_detector/share/apriltag_detector
running install_egg_info
Copying ../../build/apriltag_detector/apriltag_detector.egg-info to /home/naomichen/ros2_ws/install/apriltag_detector/lib/python3.10/site-packages/apriltag_detector-0.0.0-py3.10.egg-info
running install_scripts
Installing apriltag_detector_node script to /home/naomichen/ros2_ws/install/apriltag_detector/lib/apriltag_detector
writing list of installed files to '/home/naomichen/ros2_ws/build/apriltag_detector/install.log'
