running egg_info
creating ../../build/turtlebot3_avoidance/turtlebot3_avoidance.egg-info
writing ../../build/turtlebot3_avoidance/turtlebot3_avoidance.egg-info/PKG-INFO
writing dependency_links to ../../build/turtlebot3_avoidance/turtlebot3_avoidance.egg-info/dependency_links.txt
writing entry points to ../../build/turtlebot3_avoidance/turtlebot3_avoidance.egg-info/entry_points.txt
writing requirements to ../../build/turtlebot3_avoidance/turtlebot3_avoidance.egg-info/requires.txt
writing top-level names to ../../build/turtlebot3_avoidance/turtlebot3_avoidance.egg-info/top_level.txt
writing manifest file '../../build/turtlebot3_avoidance/turtlebot3_avoidance.egg-info/SOURCES.txt'
reading manifest file '../../build/turtlebot3_avoidance/turtlebot3_avoidance.egg-info/SOURCES.txt'
writing manifest file '../../build/turtlebot3_avoidance/turtlebot3_avoidance.egg-info/SOURCES.txt'
running build
running build_py
creating /home/naomichen/ros2_ws/build/turtlebot3_avoidance/build
creating /home/naomichen/ros2_ws/build/turtlebot3_avoidance/build/lib
creating /home/naomichen/ros2_ws/build/turtlebot3_avoidance/build/lib/turtlebot3_avoidance
copying turtlebot3_avoidance/obstacle_avoidance.py -> /home/naomichen/ros2_ws/build/turtlebot3_avoidance/build/lib/turtlebot3_avoidance
copying turtlebot3_avoidance/__init__.py -> /home/naomichen/ros2_ws/build/turtlebot3_avoidance/build/lib/turtlebot3_avoidance
running install
running install_lib
creating /home/naomichen/ros2_ws/install/turtlebot3_avoidance/lib/python3.10/site-packages/turtlebot3_avoidance
copying /home/naomichen/ros2_ws/build/turtlebot3_avoidance/build/lib/turtlebot3_avoidance/obstacle_avoidance.py -> /home/naomichen/ros2_ws/install/turtlebot3_avoidance/lib/python3.10/site-packages/turtlebot3_avoidance
copying /home/naomichen/ros2_ws/build/turtlebot3_avoidance/build/lib/turtlebot3_avoidance/__init__.py -> /home/naomichen/ros2_ws/install/turtlebot3_avoidance/lib/python3.10/site-packages/turtlebot3_avoidance
byte-compiling /home/naomichen/ros2_ws/install/turtlebot3_avoidance/lib/python3.10/site-packages/turtlebot3_avoidance/obstacle_avoidance.py to obstacle_avoidance.cpython-310.pyc
byte-compiling /home/naomichen/ros2_ws/install/turtlebot3_avoidance/lib/python3.10/site-packages/turtlebot3_avoidance/__init__.py to __init__.cpython-310.pyc
running install_data
creating /home/naomichen/ros2_ws/install/turtlebot3_avoidance/share/ament_index
creating /home/naomichen/ros2_ws/install/turtlebot3_avoidance/share/ament_index/resource_index
creating /home/naomichen/ros2_ws/install/turtlebot3_avoidance/share/ament_index/resource_index/packages
copying resource/turtlebot3_avoidance -> /home/naomichen/ros2_ws/install/turtlebot3_avoidance/share/ament_index/resource_index/packages
copying package.xml -> /home/naomichen/ros2_ws/install/turtlebot3_avoidance/share/turtlebot3_avoidance
running install_egg_info
Copying ../../build/turtlebot3_avoidance/turtlebot3_avoidance.egg-info to /home/naomichen/ros2_ws/install/turtlebot3_avoidance/lib/python3.10/site-packages/turtlebot3_avoidance-0.0.0-py3.10.egg-info
running install_scripts
writing list of installed files to '/home/naomichen/ros2_ws/build/turtlebot3_avoidance/install.log'
